16-Oct-2020 14:43:14.159 INFO [Thread-4] org.apache.coyote.AbstractProtocol.pause Pausing ProtocolHandler ["http-nio-8081"]
16-Oct-2020 14:43:14.596 INFO [Thread-4] org.apache.catalina.core.StandardService.stopInternal Stopping service [Catalina]
16-Oct-2020 14:43:14.690 INFO [Thread-4] org.apache.coyote.AbstractProtocol.stop Stopping ProtocolHandler ["http-nio-8081"]
16-Oct-2020 14:43:14.721 INFO [Thread-4] org.apache.coyote.AbstractProtocol.destroy Destroying ProtocolHandler ["http-nio-8081"]
16-Oct-2020 14:45:11.229 INFO [main] org.apache.catalina.startup.VersionLoggerListener.log Server version name:   Apache Tomcat/10.0.0-M8
16-Oct-2020 14:45:11.239 INFO [main] org.apache.catalina.startup.VersionLoggerListener.log Server built:          Sep 9 2020 11:27:04 UTC
16-Oct-2020 14:45:11.239 INFO [main] org.apache.catalina.startup.VersionLoggerListener.log Server version number: 10.0.0.0
16-Oct-2020 14:45:11.239 INFO [main] org.apache.catalina.startup.VersionLoggerListener.log OS Name:               Windows 10
16-Oct-2020 14:45:11.240 INFO [main] org.apache.catalina.startup.VersionLoggerListener.log OS Version:            10.0
16-Oct-2020 14:45:11.240 INFO [main] org.apache.catalina.startup.VersionLoggerListener.log Architecture:          amd64
16-Oct-2020 14:45:11.240 INFO [main] org.apache.catalina.startup.VersionLoggerListener.log Java Home:             C:\Program Files\Java\jre1.8.0_161
16-Oct-2020 14:45:11.240 INFO [main] org.apache.catalina.startup.VersionLoggerListener.log JVM Version:           1.8.0_161-b12
16-Oct-2020 14:45:11.240 INFO [main] org.apache.catalina.startup.VersionLoggerListener.log JVM Vendor:            Oracle Corporation
16-Oct-2020 14:45:11.240 INFO [main] org.apache.catalina.startup.VersionLoggerListener.log CATALINA_BASE:         C:\Program Files\Apache Software Foundation\Tomcat 10.0
16-Oct-2020 14:45:11.241 INFO [main] org.apache.catalina.startup.VersionLoggerListener.log CATALINA_HOME:         C:\Program Files\Apache Software Foundation\Tomcat 10.0
16-Oct-2020 14:45:11.248 INFO [main] org.apache.catalina.startup.VersionLoggerListener.log Command line argument: -Dcatalina.home=C:\Program Files\Apache Software Foundation\Tomcat 10.0
16-Oct-2020 14:45:11.249 INFO [main] org.apache.catalina.startup.VersionLoggerListener.log Command line argument: -Dcatalina.base=C:\Program Files\Apache Software Foundation\Tomcat 10.0
16-Oct-2020 14:45:11.249 INFO [main] org.apache.catalina.startup.VersionLoggerListener.log Command line argument: -Djava.io.tmpdir=C:\Program Files\Apache Software Foundation\Tomcat 10.0\temp
16-Oct-2020 14:45:11.249 INFO [main] org.apache.catalina.startup.VersionLoggerListener.log Command line argument: -Djava.util.logging.manager=org.apache.juli.ClassLoaderLogManager
16-Oct-2020 14:45:11.250 INFO [main] org.apache.catalina.startup.VersionLoggerListener.log Command line argument: -Djava.util.logging.config.file=C:\Program Files\Apache Software Foundation\Tomcat 10.0\conf\logging.properties
16-Oct-2020 14:45:11.250 INFO [main] org.apache.catalina.startup.VersionLoggerListener.log Command line argument: exit
16-Oct-2020 14:45:11.250 INFO [main] org.apache.catalina.startup.VersionLoggerListener.log Command line argument: abort
16-Oct-2020 14:45:11.250 INFO [main] org.apache.catalina.startup.VersionLoggerListener.log Command line argument: -Xms128m
16-Oct-2020 14:45:11.250 INFO [main] org.apache.catalina.startup.VersionLoggerListener.log Command line argument: -Xmx256m
16-Oct-2020 14:45:11.266 INFO [main] org.apache.catalina.core.AprLifecycleListener.lifecycleEvent Loaded Apache Tomcat Native library [1.2.25] using APR version [1.7.0].
16-Oct-2020 14:45:11.267 INFO [main] org.apache.catalina.core.AprLifecycleListener.lifecycleEvent APR capabilities: IPv6 [true], sendfile [true], accept filters [false], random [true].
16-Oct-2020 14:45:11.355 INFO [main] org.apache.catalina.core.AprLifecycleListener.initializeSSL OpenSSL successfully initialized [OpenSSL 1.1.1g  21 Apr 2020]
16-Oct-2020 14:45:15.710 INFO [main] org.apache.coyote.AbstractProtocol.init Initializing ProtocolHandler ["http-nio-8081"]
16-Oct-2020 14:45:15.787 INFO [main] org.apache.catalina.startup.Catalina.load Server initialization in [6127] milliseconds
16-Oct-2020 14:45:15.846 INFO [main] org.apache.catalina.core.StandardService.startInternal Starting service [Catalina]
16-Oct-2020 14:45:15.846 INFO [main] org.apache.catalina.core.StandardEngine.startInternal Starting Servlet engine: [Apache Tomcat/10.0.0-M8]
16-Oct-2020 14:45:15.885 INFO [main] org.apache.catalina.startup.HostConfig.deployDirectory Deploying web application directory [C:\Program Files\Apache Software Foundation\Tomcat 10.0\webapps\docs]
16-Oct-2020 14:45:17.532 WARNING [main] org.apache.catalina.util.SessionIdGeneratorBase.createSecureRandom Creation of SecureRandom instance for session ID generation using [SHA1PRNG] took [787] milliseconds.
16-Oct-2020 14:45:17.647 INFO [main] org.apache.catalina.startup.HostConfig.deployDirectory Deployment of web application directory [C:\Program Files\Apache Software Foundation\Tomcat 10.0\webapps\docs] has finished in [1,757] ms
16-Oct-2020 14:45:17.648 INFO [main] org.apache.catalina.startup.HostConfig.deployDirectory Deploying web application directory [C:\Program Files\Apache Software Foundation\Tomcat 10.0\webapps\examples]
16-Oct-2020 14:45:19.056 INFO [main] org.apache.catalina.startup.HostConfig.deployDirectory Deployment of web application directory [C:\Program Files\Apache Software Foundation\Tomcat 10.0\webapps\examples] has finished in [1,406] ms
16-Oct-2020 14:45:19.057 INFO [main] org.apache.catalina.startup.HostConfig.deployDirectory Deploying web application directory [C:\Program Files\Apache Software Foundation\Tomcat 10.0\webapps\host-manager]
16-Oct-2020 14:45:19.146 INFO [main] org.apache.catalina.startup.HostConfig.deployDirectory Deployment of web application directory [C:\Program Files\Apache Software Foundation\Tomcat 10.0\webapps\host-manager] has finished in [89] ms
16-Oct-2020 14:45:19.191 INFO [main] org.apache.catalina.startup.HostConfig.deployDirectory Deploying web application directory [C:\Program Files\Apache Software Foundation\Tomcat 10.0\webapps\manager]
16-Oct-2020 14:45:19.324 INFO [main] org.apache.catalina.startup.HostConfig.deployDirectory Deployment of web application directory [C:\Program Files\Apache Software Foundation\Tomcat 10.0\webapps\manager] has finished in [133] ms
16-Oct-2020 14:45:19.325 INFO [main] org.apache.catalina.startup.HostConfig.deployDirectory Deploying web application directory [C:\Program Files\Apache Software Foundation\Tomcat 10.0\webapps\ROOT]
16-Oct-2020 14:45:19.571 INFO [main] org.apache.catalina.startup.HostConfig.deployDirectory Deployment of web application directory [C:\Program Files\Apache Software Foundation\Tomcat 10.0\webapps\ROOT] has finished in [246] ms
16-Oct-2020 14:45:19.581 INFO [main] org.apache.coyote.AbstractProtocol.start Starting ProtocolHandler ["http-nio-8081"]
16-Oct-2020 14:45:19.708 INFO [main] org.apache.catalina.startup.Catalina.start Server startup in [3920] milliseconds
16-Oct-2020 20:59:42.672 INFO [main] org.apache.catalina.startup.VersionLoggerListener.log Server version name:   Apache Tomcat/10.0.0-M8
16-Oct-2020 20:59:42.695 INFO [main] org.apache.catalina.startup.VersionLoggerListener.log Server built:          Sep 9 2020 11:27:04 UTC
16-Oct-2020 20:59:42.695 INFO [main] org.apache.catalina.startup.VersionLoggerListener.log Server version number: 10.0.0.0
16-Oct-2020 20:59:42.695 INFO [main] org.apache.catalina.startup.VersionLoggerListener.log OS Name:               Windows 10
16-Oct-2020 20:59:42.695 INFO [main] org.apache.catalina.startup.VersionLoggerListener.log OS Version:            10.0
16-Oct-2020 20:59:42.695 INFO [main] org.apache.catalina.startup.VersionLoggerListener.log Architecture:          amd64
16-Oct-2020 20:59:42.695 INFO [main] org.apache.catalina.startup.VersionLoggerListener.log Java Home:             C:\Program Files\Java\jre1.8.0_161
16-Oct-2020 20:59:42.696 INFO [main] org.apache.catalina.startup.VersionLoggerListener.log JVM Version:           1.8.0_161-b12
16-Oct-2020 20:59:42.716 INFO [main] org.apache.catalina.startup.VersionLoggerListener.log JVM Vendor:            Oracle Corporation
16-Oct-2020 20:59:42.716 INFO [main] org.apache.catalina.startup.VersionLoggerListener.log CATALINA_BASE:         C:\Program Files\Apache Software Foundation\Tomcat 10.0
16-Oct-2020 20:59:42.716 INFO [main] org.apache.catalina.startup.VersionLoggerListener.log CATALINA_HOME:         C:\Program Files\Apache Software Foundation\Tomcat 10.0
16-Oct-2020 20:59:42.758 INFO [main] org.apache.catalina.startup.VersionLoggerListener.log Command line argument: -Dcatalina.home=C:\Program Files\Apache Software Foundation\Tomcat 10.0
16-Oct-2020 20:59:42.758 INFO [main] org.apache.catalina.startup.VersionLoggerListener.log Command line argument: -Dcatalina.base=C:\Program Files\Apache Software Foundation\Tomcat 10.0
16-Oct-2020 20:59:42.758 INFO [main] org.apache.catalina.startup.VersionLoggerListener.log Command line argument: -Djava.io.tmpdir=C:\Program Files\Apache Software Foundation\Tomcat 10.0\temp
16-Oct-2020 20:59:42.758 INFO [main] org.apache.catalina.startup.VersionLoggerListener.log Command line argument: -Djava.util.logging.manager=org.apache.juli.ClassLoaderLogManager
16-Oct-2020 20:59:42.758 INFO [main] org.apache.catalina.startup.VersionLoggerListener.log Command line argument: -Djava.util.logging.config.file=C:\Program Files\Apache Software Foundation\Tomcat 10.0\conf\logging.properties
16-Oct-2020 20:59:42.758 INFO [main] org.apache.catalina.startup.VersionLoggerListener.log Command line argument: exit
16-Oct-2020 20:59:42.759 INFO [main] org.apache.catalina.startup.VersionLoggerListener.log Command line argument: abort
16-Oct-2020 20:59:42.759 INFO [main] org.apache.catalina.startup.VersionLoggerListener.log Command line argument: -Xms128m
16-Oct-2020 20:59:42.759 INFO [main] org.apache.catalina.startup.VersionLoggerListener.log Command line argument: -Xmx256m
16-Oct-2020 20:59:42.831 INFO [main] org.apache.catalina.core.AprLifecycleListener.lifecycleEvent Loaded Apache Tomcat Native library [1.2.25] using APR version [1.7.0].
16-Oct-2020 20:59:42.831 INFO [main] org.apache.catalina.core.AprLifecycleListener.lifecycleEvent APR capabilities: IPv6 [true], sendfile [true], accept filters [false], random [true].
16-Oct-2020 20:59:42.941 INFO [main] org.apache.catalina.core.AprLifecycleListener.initializeSSL OpenSSL successfully initialized [OpenSSL 1.1.1g  21 Apr 2020]
16-Oct-2020 20:59:47.593 INFO [main] org.apache.coyote.AbstractProtocol.init Initializing ProtocolHandler ["http-nio-8081"]
16-Oct-2020 20:59:47.727 INFO [main] org.apache.catalina.startup.Catalina.load Server initialization in [6781] milliseconds
16-Oct-2020 20:59:47.843 INFO [main] org.apache.catalina.core.StandardService.startInternal Starting service [Catalina]
16-Oct-2020 20:59:47.843 INFO [main] org.apache.catalina.core.StandardEngine.startInternal Starting Servlet engine: [Apache Tomcat/10.0.0-M8]
16-Oct-2020 20:59:47.866 INFO [main] org.apache.catalina.startup.HostConfig.deployDirectory Deploying web application directory [C:\Program Files\Apache Software Foundation\Tomcat 10.0\webapps\docs]
16-Oct-2020 20:59:50.770 WARNING [main] org.apache.catalina.util.SessionIdGeneratorBase.createSecureRandom Creation of SecureRandom instance for session ID generation using [SHA1PRNG] took [1,804] milliseconds.
16-Oct-2020 20:59:50.828 INFO [main] org.apache.catalina.startup.HostConfig.deployDirectory Deployment of web application directory [C:\Program Files\Apache Software Foundation\Tomcat 10.0\webapps\docs] has finished in [2,962] ms
16-Oct-2020 20:59:50.832 INFO [main] org.apache.catalina.startup.HostConfig.deployDirectory Deploying web application directory [C:\Program Files\Apache Software Foundation\Tomcat 10.0\webapps\examples]
16-Oct-2020 20:59:52.828 INFO [main] org.apache.catalina.startup.HostConfig.deployDirectory Deployment of web application directory [C:\Program Files\Apache Software Foundation\Tomcat 10.0\webapps\examples] has finished in [1,997] ms
16-Oct-2020 20:59:52.829 INFO [main] org.apache.catalina.startup.HostConfig.deployDirectory Deploying web application directory [C:\Program Files\Apache Software Foundation\Tomcat 10.0\webapps\host-manager]
16-Oct-2020 20:59:52.961 INFO [main] org.apache.catalina.startup.HostConfig.deployDirectory Deployment of web application directory [C:\Program Files\Apache Software Foundation\Tomcat 10.0\webapps\host-manager] has finished in [132] ms
16-Oct-2020 20:59:52.962 INFO [main] org.apache.catalina.startup.HostConfig.deployDirectory Deploying web application directory [C:\Program Files\Apache Software Foundation\Tomcat 10.0\webapps\manager]
16-Oct-2020 20:59:53.089 INFO [main] org.apache.catalina.startup.HostConfig.deployDirectory Deployment of web application directory [C:\Program Files\Apache Software Foundation\Tomcat 10.0\webapps\manager] has finished in [128] ms
16-Oct-2020 20:59:53.091 INFO [main] org.apache.catalina.startup.HostConfig.deployDirectory Deploying web application directory [C:\Program Files\Apache Software Foundation\Tomcat 10.0\webapps\ROOT]
16-Oct-2020 20:59:53.199 INFO [main] org.apache.catalina.startup.HostConfig.deployDirectory Deployment of web application directory [C:\Program Files\Apache Software Foundation\Tomcat 10.0\webapps\ROOT] has finished in [108] ms
16-Oct-2020 20:59:53.205 INFO [main] org.apache.coyote.AbstractProtocol.start Starting ProtocolHandler ["http-nio-8081"]
16-Oct-2020 20:59:53.305 INFO [main] org.apache.catalina.startup.Catalina.start Server startup in [5577] milliseconds
