18-Oct-2020 16:35:01.488 INFO [Thread-4] org.apache.coyote.AbstractProtocol.pause Pausing ProtocolHandler ["http-nio-8081"]
18-Oct-2020 16:35:01.928 INFO [Thread-4] org.apache.catalina.core.StandardService.stopInternal Stopping service [Catalina]
18-Oct-2020 16:35:02.006 INFO [Thread-4] org.apache.coyote.AbstractProtocol.stop Stopping ProtocolHandler ["http-nio-8081"]
18-Oct-2020 16:35:02.037 INFO [Thread-4] org.apache.coyote.AbstractProtocol.destroy Destroying ProtocolHandler ["http-nio-8081"]
18-Oct-2020 16:35:38.437 INFO [main] org.apache.catalina.startup.VersionLoggerListener.log Server version name:   Apache Tomcat/10.0.0-M8
18-Oct-2020 16:35:38.445 INFO [main] org.apache.catalina.startup.VersionLoggerListener.log Server built:          Sep 9 2020 11:27:04 UTC
18-Oct-2020 16:35:38.445 INFO [main] org.apache.catalina.startup.VersionLoggerListener.log Server version number: 10.0.0.0
18-Oct-2020 16:35:38.445 INFO [main] org.apache.catalina.startup.VersionLoggerListener.log OS Name:               Windows 10
18-Oct-2020 16:35:38.446 INFO [main] org.apache.catalina.startup.VersionLoggerListener.log OS Version:            10.0
18-Oct-2020 16:35:38.446 INFO [main] org.apache.catalina.startup.VersionLoggerListener.log Architecture:          amd64
18-Oct-2020 16:35:38.446 INFO [main] org.apache.catalina.startup.VersionLoggerListener.log Java Home:             C:\Program Files\Java\jre1.8.0_161
18-Oct-2020 16:35:38.446 INFO [main] org.apache.catalina.startup.VersionLoggerListener.log JVM Version:           1.8.0_161-b12
18-Oct-2020 16:35:38.446 INFO [main] org.apache.catalina.startup.VersionLoggerListener.log JVM Vendor:            Oracle Corporation
18-Oct-2020 16:35:38.446 INFO [main] org.apache.catalina.startup.VersionLoggerListener.log CATALINA_BASE:         C:\Program Files\Apache Software Foundation\Tomcat 10.0
18-Oct-2020 16:35:38.447 INFO [main] org.apache.catalina.startup.VersionLoggerListener.log CATALINA_HOME:         C:\Program Files\Apache Software Foundation\Tomcat 10.0
18-Oct-2020 16:35:38.454 INFO [main] org.apache.catalina.startup.VersionLoggerListener.log Command line argument: -Dcatalina.home=C:\Program Files\Apache Software Foundation\Tomcat 10.0
18-Oct-2020 16:35:38.454 INFO [main] org.apache.catalina.startup.VersionLoggerListener.log Command line argument: -Dcatalina.base=C:\Program Files\Apache Software Foundation\Tomcat 10.0
18-Oct-2020 16:35:38.454 INFO [main] org.apache.catalina.startup.VersionLoggerListener.log Command line argument: -Djava.io.tmpdir=C:\Program Files\Apache Software Foundation\Tomcat 10.0\temp
18-Oct-2020 16:35:38.454 INFO [main] org.apache.catalina.startup.VersionLoggerListener.log Command line argument: -Djava.util.logging.manager=org.apache.juli.ClassLoaderLogManager
18-Oct-2020 16:35:38.454 INFO [main] org.apache.catalina.startup.VersionLoggerListener.log Command line argument: -Djava.util.logging.config.file=C:\Program Files\Apache Software Foundation\Tomcat 10.0\conf\logging.properties
18-Oct-2020 16:35:38.455 INFO [main] org.apache.catalina.startup.VersionLoggerListener.log Command line argument: exit
18-Oct-2020 16:35:38.455 INFO [main] org.apache.catalina.startup.VersionLoggerListener.log Command line argument: abort
18-Oct-2020 16:35:38.455 INFO [main] org.apache.catalina.startup.VersionLoggerListener.log Command line argument: -Xms128m
18-Oct-2020 16:35:38.455 INFO [main] org.apache.catalina.startup.VersionLoggerListener.log Command line argument: -Xmx256m
18-Oct-2020 16:35:38.508 INFO [main] org.apache.catalina.core.AprLifecycleListener.lifecycleEvent Loaded Apache Tomcat Native library [1.2.25] using APR version [1.7.0].
18-Oct-2020 16:35:38.508 INFO [main] org.apache.catalina.core.AprLifecycleListener.lifecycleEvent APR capabilities: IPv6 [true], sendfile [true], accept filters [false], random [true].
18-Oct-2020 16:35:38.531 INFO [main] org.apache.catalina.core.AprLifecycleListener.initializeSSL OpenSSL successfully initialized [OpenSSL 1.1.1g  21 Apr 2020]
18-Oct-2020 16:35:46.485 INFO [main] org.apache.coyote.AbstractProtocol.init Initializing ProtocolHandler ["http-nio-8081"]
18-Oct-2020 16:35:46.579 INFO [main] org.apache.catalina.startup.Catalina.load Server initialization in [8968] milliseconds
18-Oct-2020 16:35:46.658 INFO [main] org.apache.catalina.core.StandardService.startInternal Starting service [Catalina]
18-Oct-2020 16:35:46.659 INFO [main] org.apache.catalina.core.StandardEngine.startInternal Starting Servlet engine: [Apache Tomcat/10.0.0-M8]
18-Oct-2020 16:35:46.677 INFO [main] org.apache.catalina.startup.HostConfig.deployDirectory Deploying web application directory [C:\Program Files\Apache Software Foundation\Tomcat 10.0\webapps\docs]
18-Oct-2020 16:35:49.108 WARNING [main] org.apache.catalina.util.SessionIdGeneratorBase.createSecureRandom Creation of SecureRandom instance for session ID generation using [SHA1PRNG] took [1,761] milliseconds.
18-Oct-2020 16:35:49.197 INFO [main] org.apache.catalina.startup.HostConfig.deployDirectory Deployment of web application directory [C:\Program Files\Apache Software Foundation\Tomcat 10.0\webapps\docs] has finished in [2,519] ms
18-Oct-2020 16:35:49.197 INFO [main] org.apache.catalina.startup.HostConfig.deployDirectory Deploying web application directory [C:\Program Files\Apache Software Foundation\Tomcat 10.0\webapps\examples]
18-Oct-2020 16:35:51.493 INFO [main] org.apache.catalina.startup.HostConfig.deployDirectory Deployment of web application directory [C:\Program Files\Apache Software Foundation\Tomcat 10.0\webapps\examples] has finished in [2,296] ms
18-Oct-2020 16:35:51.494 INFO [main] org.apache.catalina.startup.HostConfig.deployDirectory Deploying web application directory [C:\Program Files\Apache Software Foundation\Tomcat 10.0\webapps\host-manager]
18-Oct-2020 16:35:51.587 INFO [main] org.apache.catalina.startup.HostConfig.deployDirectory Deployment of web application directory [C:\Program Files\Apache Software Foundation\Tomcat 10.0\webapps\host-manager] has finished in [93] ms
18-Oct-2020 16:35:51.588 INFO [main] org.apache.catalina.startup.HostConfig.deployDirectory Deploying web application directory [C:\Program Files\Apache Software Foundation\Tomcat 10.0\webapps\manager]
18-Oct-2020 16:35:51.732 INFO [main] org.apache.catalina.startup.HostConfig.deployDirectory Deployment of web application directory [C:\Program Files\Apache Software Foundation\Tomcat 10.0\webapps\manager] has finished in [143] ms
18-Oct-2020 16:35:51.733 INFO [main] org.apache.catalina.startup.HostConfig.deployDirectory Deploying web application directory [C:\Program Files\Apache Software Foundation\Tomcat 10.0\webapps\ROOT]
18-Oct-2020 16:35:51.816 INFO [main] org.apache.catalina.startup.HostConfig.deployDirectory Deployment of web application directory [C:\Program Files\Apache Software Foundation\Tomcat 10.0\webapps\ROOT] has finished in [83] ms
18-Oct-2020 16:35:51.834 INFO [main] org.apache.coyote.AbstractProtocol.start Starting ProtocolHandler ["http-nio-8081"]
18-Oct-2020 16:35:51.941 INFO [main] org.apache.catalina.startup.Catalina.start Server startup in [5361] milliseconds
