18-Nov-2020 17:10:53.101 INFO [Thread-4] org.apache.coyote.AbstractProtocol.pause Pausing ProtocolHandler ["http-nio-8081"]
18-Nov-2020 17:10:53.671 INFO [Thread-4] org.apache.catalina.core.StandardService.stopInternal Stopping service [Catalina]
18-Nov-2020 17:10:53.890 INFO [Thread-4] org.apache.coyote.AbstractProtocol.stop Stopping ProtocolHandler ["http-nio-8081"]
18-Nov-2020 17:10:53.922 INFO [Thread-4] org.apache.coyote.AbstractProtocol.destroy Destroying ProtocolHandler ["http-nio-8081"]
18-Nov-2020 17:12:52.111 INFO [main] org.apache.catalina.startup.VersionLoggerListener.log Server version name:   Apache Tomcat/10.0.0-M8
18-Nov-2020 17:12:52.118 INFO [main] org.apache.catalina.startup.VersionLoggerListener.log Server built:          Sep 9 2020 11:27:04 UTC
18-Nov-2020 17:12:52.118 INFO [main] org.apache.catalina.startup.VersionLoggerListener.log Server version number: 10.0.0.0
18-Nov-2020 17:12:52.119 INFO [main] org.apache.catalina.startup.VersionLoggerListener.log OS Name:               Windows 10
18-Nov-2020 17:12:52.120 INFO [main] org.apache.catalina.startup.VersionLoggerListener.log OS Version:            10.0
18-Nov-2020 17:12:52.120 INFO [main] org.apache.catalina.startup.VersionLoggerListener.log Architecture:          amd64
18-Nov-2020 17:12:52.120 INFO [main] org.apache.catalina.startup.VersionLoggerListener.log Java Home:             C:\Program Files\Java\jre1.8.0_161
18-Nov-2020 17:12:52.120 INFO [main] org.apache.catalina.startup.VersionLoggerListener.log JVM Version:           1.8.0_161-b12
18-Nov-2020 17:12:52.120 INFO [main] org.apache.catalina.startup.VersionLoggerListener.log JVM Vendor:            Oracle Corporation
18-Nov-2020 17:12:52.120 INFO [main] org.apache.catalina.startup.VersionLoggerListener.log CATALINA_BASE:         C:\Program Files\Apache Software Foundation\Tomcat 10.0
18-Nov-2020 17:12:52.120 INFO [main] org.apache.catalina.startup.VersionLoggerListener.log CATALINA_HOME:         C:\Program Files\Apache Software Foundation\Tomcat 10.0
18-Nov-2020 17:12:52.218 INFO [main] org.apache.catalina.startup.VersionLoggerListener.log Command line argument: -Dcatalina.home=C:\Program Files\Apache Software Foundation\Tomcat 10.0
18-Nov-2020 17:12:52.219 INFO [main] org.apache.catalina.startup.VersionLoggerListener.log Command line argument: -Dcatalina.base=C:\Program Files\Apache Software Foundation\Tomcat 10.0
18-Nov-2020 17:12:52.219 INFO [main] org.apache.catalina.startup.VersionLoggerListener.log Command line argument: -Djava.io.tmpdir=C:\Program Files\Apache Software Foundation\Tomcat 10.0\temp
18-Nov-2020 17:12:52.219 INFO [main] org.apache.catalina.startup.VersionLoggerListener.log Command line argument: -Djava.util.logging.manager=org.apache.juli.ClassLoaderLogManager
18-Nov-2020 17:12:52.219 INFO [main] org.apache.catalina.startup.VersionLoggerListener.log Command line argument: -Djava.util.logging.config.file=C:\Program Files\Apache Software Foundation\Tomcat 10.0\conf\logging.properties
18-Nov-2020 17:12:52.219 INFO [main] org.apache.catalina.startup.VersionLoggerListener.log Command line argument: exit
18-Nov-2020 17:12:52.219 INFO [main] org.apache.catalina.startup.VersionLoggerListener.log Command line argument: abort
18-Nov-2020 17:12:52.219 INFO [main] org.apache.catalina.startup.VersionLoggerListener.log Command line argument: -Xms128m
18-Nov-2020 17:12:52.220 INFO [main] org.apache.catalina.startup.VersionLoggerListener.log Command line argument: -Xmx256m
18-Nov-2020 17:12:52.241 INFO [main] org.apache.catalina.core.AprLifecycleListener.lifecycleEvent Loaded Apache Tomcat Native library [1.2.25] using APR version [1.7.0].
18-Nov-2020 17:12:52.241 INFO [main] org.apache.catalina.core.AprLifecycleListener.lifecycleEvent APR capabilities: IPv6 [true], sendfile [true], accept filters [false], random [true].
18-Nov-2020 17:12:52.290 INFO [main] org.apache.catalina.core.AprLifecycleListener.initializeSSL OpenSSL successfully initialized [OpenSSL 1.1.1g  21 Apr 2020]
18-Nov-2020 17:12:55.646 INFO [main] org.apache.coyote.AbstractProtocol.init Initializing ProtocolHandler ["http-nio-8081"]
18-Nov-2020 17:12:55.741 INFO [main] org.apache.catalina.startup.Catalina.load Server initialization in [5252] milliseconds
18-Nov-2020 17:12:55.807 INFO [main] org.apache.catalina.core.StandardService.startInternal Starting service [Catalina]
18-Nov-2020 17:12:55.807 INFO [main] org.apache.catalina.core.StandardEngine.startInternal Starting Servlet engine: [Apache Tomcat/10.0.0-M8]
18-Nov-2020 17:12:55.833 INFO [main] org.apache.catalina.startup.HostConfig.deployDirectory Deploying web application directory [C:\Program Files\Apache Software Foundation\Tomcat 10.0\webapps\docs]
18-Nov-2020 17:12:58.889 WARNING [main] org.apache.catalina.util.SessionIdGeneratorBase.createSecureRandom Creation of SecureRandom instance for session ID generation using [SHA1PRNG] took [2,287] milliseconds.
18-Nov-2020 17:12:58.962 INFO [main] org.apache.catalina.startup.HostConfig.deployDirectory Deployment of web application directory [C:\Program Files\Apache Software Foundation\Tomcat 10.0\webapps\docs] has finished in [3,129] ms
18-Nov-2020 17:12:58.963 INFO [main] org.apache.catalina.startup.HostConfig.deployDirectory Deploying web application directory [C:\Program Files\Apache Software Foundation\Tomcat 10.0\webapps\examples]
18-Nov-2020 17:13:00.252 INFO [main] org.apache.catalina.startup.HostConfig.deployDirectory Deployment of web application directory [C:\Program Files\Apache Software Foundation\Tomcat 10.0\webapps\examples] has finished in [1,288] ms
18-Nov-2020 17:13:00.253 INFO [main] org.apache.catalina.startup.HostConfig.deployDirectory Deploying web application directory [C:\Program Files\Apache Software Foundation\Tomcat 10.0\webapps\host-manager]
18-Nov-2020 17:13:00.417 INFO [main] org.apache.catalina.startup.HostConfig.deployDirectory Deployment of web application directory [C:\Program Files\Apache Software Foundation\Tomcat 10.0\webapps\host-manager] has finished in [164] ms
18-Nov-2020 17:13:00.418 INFO [main] org.apache.catalina.startup.HostConfig.deployDirectory Deploying web application directory [C:\Program Files\Apache Software Foundation\Tomcat 10.0\webapps\manager]
18-Nov-2020 17:13:00.562 INFO [main] org.apache.catalina.startup.HostConfig.deployDirectory Deployment of web application directory [C:\Program Files\Apache Software Foundation\Tomcat 10.0\webapps\manager] has finished in [143] ms
18-Nov-2020 17:13:00.571 INFO [main] org.apache.catalina.startup.HostConfig.deployDirectory Deploying web application directory [C:\Program Files\Apache Software Foundation\Tomcat 10.0\webapps\ROOT]
18-Nov-2020 17:13:00.689 INFO [main] org.apache.catalina.startup.HostConfig.deployDirectory Deployment of web application directory [C:\Program Files\Apache Software Foundation\Tomcat 10.0\webapps\ROOT] has finished in [117] ms
18-Nov-2020 17:13:00.695 INFO [main] org.apache.coyote.AbstractProtocol.start Starting ProtocolHandler ["http-nio-8081"]
18-Nov-2020 17:13:00.761 INFO [main] org.apache.catalina.startup.Catalina.start Server startup in [5019] milliseconds
18-Nov-2020 18:33:24.008 INFO [main] org.apache.catalina.startup.VersionLoggerListener.log Server version name:   Apache Tomcat/10.0.0-M8
18-Nov-2020 18:33:24.028 INFO [main] org.apache.catalina.startup.VersionLoggerListener.log Server built:          Sep 9 2020 11:27:04 UTC
18-Nov-2020 18:33:24.028 INFO [main] org.apache.catalina.startup.VersionLoggerListener.log Server version number: 10.0.0.0
18-Nov-2020 18:33:24.029 INFO [main] org.apache.catalina.startup.VersionLoggerListener.log OS Name:               Windows 10
18-Nov-2020 18:33:24.030 INFO [main] org.apache.catalina.startup.VersionLoggerListener.log OS Version:            10.0
18-Nov-2020 18:33:24.030 INFO [main] org.apache.catalina.startup.VersionLoggerListener.log Architecture:          amd64
18-Nov-2020 18:33:24.030 INFO [main] org.apache.catalina.startup.VersionLoggerListener.log Java Home:             C:\Program Files\Java\jre1.8.0_161
18-Nov-2020 18:33:24.031 INFO [main] org.apache.catalina.startup.VersionLoggerListener.log JVM Version:           1.8.0_161-b12
18-Nov-2020 18:33:24.031 INFO [main] org.apache.catalina.startup.VersionLoggerListener.log JVM Vendor:            Oracle Corporation
18-Nov-2020 18:33:24.031 INFO [main] org.apache.catalina.startup.VersionLoggerListener.log CATALINA_BASE:         C:\Program Files\Apache Software Foundation\Tomcat 10.0
18-Nov-2020 18:33:24.031 INFO [main] org.apache.catalina.startup.VersionLoggerListener.log CATALINA_HOME:         C:\Program Files\Apache Software Foundation\Tomcat 10.0
18-Nov-2020 18:33:24.090 INFO [main] org.apache.catalina.startup.VersionLoggerListener.log Command line argument: -Dcatalina.home=C:\Program Files\Apache Software Foundation\Tomcat 10.0
18-Nov-2020 18:33:24.091 INFO [main] org.apache.catalina.startup.VersionLoggerListener.log Command line argument: -Dcatalina.base=C:\Program Files\Apache Software Foundation\Tomcat 10.0
18-Nov-2020 18:33:24.091 INFO [main] org.apache.catalina.startup.VersionLoggerListener.log Command line argument: -Djava.io.tmpdir=C:\Program Files\Apache Software Foundation\Tomcat 10.0\temp
18-Nov-2020 18:33:24.092 INFO [main] org.apache.catalina.startup.VersionLoggerListener.log Command line argument: -Djava.util.logging.manager=org.apache.juli.ClassLoaderLogManager
18-Nov-2020 18:33:24.092 INFO [main] org.apache.catalina.startup.VersionLoggerListener.log Command line argument: -Djava.util.logging.config.file=C:\Program Files\Apache Software Foundation\Tomcat 10.0\conf\logging.properties
18-Nov-2020 18:33:24.092 INFO [main] org.apache.catalina.startup.VersionLoggerListener.log Command line argument: exit
18-Nov-2020 18:33:24.092 INFO [main] org.apache.catalina.startup.VersionLoggerListener.log Command line argument: abort
18-Nov-2020 18:33:24.092 INFO [main] org.apache.catalina.startup.VersionLoggerListener.log Command line argument: -Xms128m
18-Nov-2020 18:33:24.093 INFO [main] org.apache.catalina.startup.VersionLoggerListener.log Command line argument: -Xmx256m
18-Nov-2020 18:33:24.166 INFO [main] org.apache.catalina.core.AprLifecycleListener.lifecycleEvent Loaded Apache Tomcat Native library [1.2.25] using APR version [1.7.0].
18-Nov-2020 18:33:24.166 INFO [main] org.apache.catalina.core.AprLifecycleListener.lifecycleEvent APR capabilities: IPv6 [true], sendfile [true], accept filters [false], random [true].
18-Nov-2020 18:33:24.305 INFO [main] org.apache.catalina.core.AprLifecycleListener.initializeSSL OpenSSL successfully initialized [OpenSSL 1.1.1g  21 Apr 2020]
18-Nov-2020 18:33:27.093 INFO [main] org.apache.coyote.AbstractProtocol.init Initializing ProtocolHandler ["http-nio-8081"]
18-Nov-2020 18:33:27.285 INFO [main] org.apache.catalina.startup.Catalina.load Server initialization in [5818] milliseconds
18-Nov-2020 18:33:27.444 INFO [main] org.apache.catalina.core.StandardService.startInternal Starting service [Catalina]
18-Nov-2020 18:33:27.444 INFO [main] org.apache.catalina.core.StandardEngine.startInternal Starting Servlet engine: [Apache Tomcat/10.0.0-M8]
18-Nov-2020 18:33:27.563 INFO [main] org.apache.catalina.startup.HostConfig.deployDirectory Deploying web application directory [C:\Program Files\Apache Software Foundation\Tomcat 10.0\webapps\docs]
18-Nov-2020 18:33:34.094 WARNING [main] org.apache.catalina.util.SessionIdGeneratorBase.createSecureRandom Creation of SecureRandom instance for session ID generation using [SHA1PRNG] took [4,187] milliseconds.
18-Nov-2020 18:33:34.215 INFO [main] org.apache.catalina.startup.HostConfig.deployDirectory Deployment of web application directory [C:\Program Files\Apache Software Foundation\Tomcat 10.0\webapps\docs] has finished in [6,651] ms
18-Nov-2020 18:33:34.219 INFO [main] org.apache.catalina.startup.HostConfig.deployDirectory Deploying web application directory [C:\Program Files\Apache Software Foundation\Tomcat 10.0\webapps\examples]
18-Nov-2020 18:33:36.583 INFO [main] org.apache.catalina.startup.HostConfig.deployDirectory Deployment of web application directory [C:\Program Files\Apache Software Foundation\Tomcat 10.0\webapps\examples] has finished in [2,363] ms
18-Nov-2020 18:33:36.585 INFO [main] org.apache.catalina.startup.HostConfig.deployDirectory Deploying web application directory [C:\Program Files\Apache Software Foundation\Tomcat 10.0\webapps\host-manager]
18-Nov-2020 18:33:36.679 INFO [main] org.apache.catalina.startup.HostConfig.deployDirectory Deployment of web application directory [C:\Program Files\Apache Software Foundation\Tomcat 10.0\webapps\host-manager] has finished in [95] ms
18-Nov-2020 18:33:36.680 INFO [main] org.apache.catalina.startup.HostConfig.deployDirectory Deploying web application directory [C:\Program Files\Apache Software Foundation\Tomcat 10.0\webapps\manager]
18-Nov-2020 18:33:36.769 INFO [main] org.apache.catalina.startup.HostConfig.deployDirectory Deployment of web application directory [C:\Program Files\Apache Software Foundation\Tomcat 10.0\webapps\manager] has finished in [89] ms
18-Nov-2020 18:33:36.771 INFO [main] org.apache.catalina.startup.HostConfig.deployDirectory Deploying web application directory [C:\Program Files\Apache Software Foundation\Tomcat 10.0\webapps\ROOT]
18-Nov-2020 18:33:36.834 INFO [main] org.apache.catalina.startup.HostConfig.deployDirectory Deployment of web application directory [C:\Program Files\Apache Software Foundation\Tomcat 10.0\webapps\ROOT] has finished in [63] ms
18-Nov-2020 18:33:36.945 INFO [main] org.apache.coyote.AbstractProtocol.start Starting ProtocolHandler ["http-nio-8081"]
18-Nov-2020 18:33:36.972 INFO [main] org.apache.catalina.startup.Catalina.start Server startup in [9686] milliseconds
