26-Oct-2020 12:20:52.312 INFO [Thread-4] org.apache.coyote.AbstractProtocol.pause Pausing ProtocolHandler ["http-nio-8081"]
26-Oct-2020 12:20:52.734 INFO [Thread-4] org.apache.catalina.core.StandardService.stopInternal Stopping service [Catalina]
26-Oct-2020 12:20:52.875 INFO [Thread-4] org.apache.coyote.AbstractProtocol.stop Stopping ProtocolHandler ["http-nio-8081"]
26-Oct-2020 12:20:52.906 INFO [Thread-4] org.apache.coyote.AbstractProtocol.destroy Destroying ProtocolHandler ["http-nio-8081"]
26-Oct-2020 12:21:43.436 INFO [main] org.apache.catalina.startup.VersionLoggerListener.log Server version name:   Apache Tomcat/10.0.0-M8
26-Oct-2020 12:21:43.440 INFO [main] org.apache.catalina.startup.VersionLoggerListener.log Server built:          Sep 9 2020 11:27:04 UTC
26-Oct-2020 12:21:43.440 INFO [main] org.apache.catalina.startup.VersionLoggerListener.log Server version number: 10.0.0.0
26-Oct-2020 12:21:43.440 INFO [main] org.apache.catalina.startup.VersionLoggerListener.log OS Name:               Windows 10
26-Oct-2020 12:21:43.442 INFO [main] org.apache.catalina.startup.VersionLoggerListener.log OS Version:            10.0
26-Oct-2020 12:21:43.442 INFO [main] org.apache.catalina.startup.VersionLoggerListener.log Architecture:          amd64
26-Oct-2020 12:21:43.443 INFO [main] org.apache.catalina.startup.VersionLoggerListener.log Java Home:             C:\Program Files\Java\jre1.8.0_161
26-Oct-2020 12:21:43.443 INFO [main] org.apache.catalina.startup.VersionLoggerListener.log JVM Version:           1.8.0_161-b12
26-Oct-2020 12:21:43.443 INFO [main] org.apache.catalina.startup.VersionLoggerListener.log JVM Vendor:            Oracle Corporation
26-Oct-2020 12:21:43.443 INFO [main] org.apache.catalina.startup.VersionLoggerListener.log CATALINA_BASE:         C:\Program Files\Apache Software Foundation\Tomcat 10.0
26-Oct-2020 12:21:43.443 INFO [main] org.apache.catalina.startup.VersionLoggerListener.log CATALINA_HOME:         C:\Program Files\Apache Software Foundation\Tomcat 10.0
26-Oct-2020 12:21:43.444 INFO [main] org.apache.catalina.startup.VersionLoggerListener.log Command line argument: -Dcatalina.home=C:\Program Files\Apache Software Foundation\Tomcat 10.0
26-Oct-2020 12:21:43.444 INFO [main] org.apache.catalina.startup.VersionLoggerListener.log Command line argument: -Dcatalina.base=C:\Program Files\Apache Software Foundation\Tomcat 10.0
26-Oct-2020 12:21:43.444 INFO [main] org.apache.catalina.startup.VersionLoggerListener.log Command line argument: -Djava.io.tmpdir=C:\Program Files\Apache Software Foundation\Tomcat 10.0\temp
26-Oct-2020 12:21:43.444 INFO [main] org.apache.catalina.startup.VersionLoggerListener.log Command line argument: -Djava.util.logging.manager=org.apache.juli.ClassLoaderLogManager
26-Oct-2020 12:21:43.445 INFO [main] org.apache.catalina.startup.VersionLoggerListener.log Command line argument: -Djava.util.logging.config.file=C:\Program Files\Apache Software Foundation\Tomcat 10.0\conf\logging.properties
26-Oct-2020 12:21:43.445 INFO [main] org.apache.catalina.startup.VersionLoggerListener.log Command line argument: exit
26-Oct-2020 12:21:43.445 INFO [main] org.apache.catalina.startup.VersionLoggerListener.log Command line argument: abort
26-Oct-2020 12:21:43.445 INFO [main] org.apache.catalina.startup.VersionLoggerListener.log Command line argument: -Xms128m
26-Oct-2020 12:21:43.445 INFO [main] org.apache.catalina.startup.VersionLoggerListener.log Command line argument: -Xmx256m
26-Oct-2020 12:21:43.460 INFO [main] org.apache.catalina.core.AprLifecycleListener.lifecycleEvent Loaded Apache Tomcat Native library [1.2.25] using APR version [1.7.0].
26-Oct-2020 12:21:43.460 INFO [main] org.apache.catalina.core.AprLifecycleListener.lifecycleEvent APR capabilities: IPv6 [true], sendfile [true], accept filters [false], random [true].
26-Oct-2020 12:21:43.493 INFO [main] org.apache.catalina.core.AprLifecycleListener.initializeSSL OpenSSL successfully initialized [OpenSSL 1.1.1g  21 Apr 2020]
26-Oct-2020 12:21:47.118 INFO [main] org.apache.coyote.AbstractProtocol.init Initializing ProtocolHandler ["http-nio-8081"]
26-Oct-2020 12:21:47.228 INFO [main] org.apache.catalina.startup.Catalina.load Server initialization in [4530] milliseconds
26-Oct-2020 12:21:47.361 INFO [main] org.apache.catalina.core.StandardService.startInternal Starting service [Catalina]
26-Oct-2020 12:21:47.361 INFO [main] org.apache.catalina.core.StandardEngine.startInternal Starting Servlet engine: [Apache Tomcat/10.0.0-M8]
26-Oct-2020 12:21:47.417 INFO [main] org.apache.catalina.startup.HostConfig.deployDirectory Deploying web application directory [C:\Program Files\Apache Software Foundation\Tomcat 10.0\webapps\docs]
26-Oct-2020 12:21:51.069 WARNING [main] org.apache.catalina.util.SessionIdGeneratorBase.createSecureRandom Creation of SecureRandom instance for session ID generation using [SHA1PRNG] took [2,547] milliseconds.
26-Oct-2020 12:21:51.159 INFO [main] org.apache.catalina.startup.HostConfig.deployDirectory Deployment of web application directory [C:\Program Files\Apache Software Foundation\Tomcat 10.0\webapps\docs] has finished in [3,743] ms
26-Oct-2020 12:21:51.160 INFO [main] org.apache.catalina.startup.HostConfig.deployDirectory Deploying web application directory [C:\Program Files\Apache Software Foundation\Tomcat 10.0\webapps\examples]
26-Oct-2020 12:21:52.726 INFO [main] org.apache.catalina.startup.HostConfig.deployDirectory Deployment of web application directory [C:\Program Files\Apache Software Foundation\Tomcat 10.0\webapps\examples] has finished in [1,565] ms
26-Oct-2020 12:21:52.727 INFO [main] org.apache.catalina.startup.HostConfig.deployDirectory Deploying web application directory [C:\Program Files\Apache Software Foundation\Tomcat 10.0\webapps\host-manager]
26-Oct-2020 12:21:52.920 INFO [main] org.apache.catalina.startup.HostConfig.deployDirectory Deployment of web application directory [C:\Program Files\Apache Software Foundation\Tomcat 10.0\webapps\host-manager] has finished in [194] ms
26-Oct-2020 12:21:52.921 INFO [main] org.apache.catalina.startup.HostConfig.deployDirectory Deploying web application directory [C:\Program Files\Apache Software Foundation\Tomcat 10.0\webapps\manager]
26-Oct-2020 12:21:53.083 INFO [main] org.apache.catalina.startup.HostConfig.deployDirectory Deployment of web application directory [C:\Program Files\Apache Software Foundation\Tomcat 10.0\webapps\manager] has finished in [162] ms
26-Oct-2020 12:21:53.084 INFO [main] org.apache.catalina.startup.HostConfig.deployDirectory Deploying web application directory [C:\Program Files\Apache Software Foundation\Tomcat 10.0\webapps\ROOT]
26-Oct-2020 12:21:53.183 INFO [main] org.apache.catalina.startup.HostConfig.deployDirectory Deployment of web application directory [C:\Program Files\Apache Software Foundation\Tomcat 10.0\webapps\ROOT] has finished in [99] ms
26-Oct-2020 12:21:53.192 INFO [main] org.apache.coyote.AbstractProtocol.start Starting ProtocolHandler ["http-nio-8081"]
26-Oct-2020 12:21:53.295 INFO [main] org.apache.catalina.startup.Catalina.start Server startup in [6066] milliseconds
26-Oct-2020 16:52:05.274 INFO [main] org.apache.catalina.startup.VersionLoggerListener.log Server version name:   Apache Tomcat/10.0.0-M8
26-Oct-2020 16:52:05.305 INFO [main] org.apache.catalina.startup.VersionLoggerListener.log Server built:          Sep 9 2020 11:27:04 UTC
26-Oct-2020 16:52:05.305 INFO [main] org.apache.catalina.startup.VersionLoggerListener.log Server version number: 10.0.0.0
26-Oct-2020 16:52:05.305 INFO [main] org.apache.catalina.startup.VersionLoggerListener.log OS Name:               Windows 10
26-Oct-2020 16:52:05.305 INFO [main] org.apache.catalina.startup.VersionLoggerListener.log OS Version:            10.0
26-Oct-2020 16:52:05.305 INFO [main] org.apache.catalina.startup.VersionLoggerListener.log Architecture:          amd64
26-Oct-2020 16:52:05.305 INFO [main] org.apache.catalina.startup.VersionLoggerListener.log Java Home:             C:\Program Files\Java\jre1.8.0_161
26-Oct-2020 16:52:05.305 INFO [main] org.apache.catalina.startup.VersionLoggerListener.log JVM Version:           1.8.0_161-b12
26-Oct-2020 16:52:05.306 INFO [main] org.apache.catalina.startup.VersionLoggerListener.log JVM Vendor:            Oracle Corporation
26-Oct-2020 16:52:05.306 INFO [main] org.apache.catalina.startup.VersionLoggerListener.log CATALINA_BASE:         C:\Program Files\Apache Software Foundation\Tomcat 10.0
26-Oct-2020 16:52:05.306 INFO [main] org.apache.catalina.startup.VersionLoggerListener.log CATALINA_HOME:         C:\Program Files\Apache Software Foundation\Tomcat 10.0
26-Oct-2020 16:52:05.434 INFO [main] org.apache.catalina.startup.VersionLoggerListener.log Command line argument: -Dcatalina.home=C:\Program Files\Apache Software Foundation\Tomcat 10.0
26-Oct-2020 16:52:05.435 INFO [main] org.apache.catalina.startup.VersionLoggerListener.log Command line argument: -Dcatalina.base=C:\Program Files\Apache Software Foundation\Tomcat 10.0
26-Oct-2020 16:52:05.435 INFO [main] org.apache.catalina.startup.VersionLoggerListener.log Command line argument: -Djava.io.tmpdir=C:\Program Files\Apache Software Foundation\Tomcat 10.0\temp
26-Oct-2020 16:52:05.435 INFO [main] org.apache.catalina.startup.VersionLoggerListener.log Command line argument: -Djava.util.logging.manager=org.apache.juli.ClassLoaderLogManager
26-Oct-2020 16:52:05.435 INFO [main] org.apache.catalina.startup.VersionLoggerListener.log Command line argument: -Djava.util.logging.config.file=C:\Program Files\Apache Software Foundation\Tomcat 10.0\conf\logging.properties
26-Oct-2020 16:52:05.436 INFO [main] org.apache.catalina.startup.VersionLoggerListener.log Command line argument: exit
26-Oct-2020 16:52:05.436 INFO [main] org.apache.catalina.startup.VersionLoggerListener.log Command line argument: abort
26-Oct-2020 16:52:05.436 INFO [main] org.apache.catalina.startup.VersionLoggerListener.log Command line argument: -Xms128m
26-Oct-2020 16:52:05.436 INFO [main] org.apache.catalina.startup.VersionLoggerListener.log Command line argument: -Xmx256m
26-Oct-2020 16:52:05.979 INFO [main] org.apache.catalina.core.AprLifecycleListener.lifecycleEvent Loaded Apache Tomcat Native library [1.2.25] using APR version [1.7.0].
26-Oct-2020 16:52:05.985 INFO [main] org.apache.catalina.core.AprLifecycleListener.lifecycleEvent APR capabilities: IPv6 [true], sendfile [true], accept filters [false], random [true].
26-Oct-2020 16:52:06.101 INFO [main] org.apache.catalina.core.AprLifecycleListener.initializeSSL OpenSSL successfully initialized [OpenSSL 1.1.1g  21 Apr 2020]
26-Oct-2020 16:52:14.361 INFO [main] org.apache.coyote.AbstractProtocol.init Initializing ProtocolHandler ["http-nio-8081"]
26-Oct-2020 16:52:14.463 INFO [main] org.apache.catalina.startup.Catalina.load Server initialization in [10807] milliseconds
26-Oct-2020 16:52:14.557 INFO [main] org.apache.catalina.core.StandardService.startInternal Starting service [Catalina]
26-Oct-2020 16:52:14.558 INFO [main] org.apache.catalina.core.StandardEngine.startInternal Starting Servlet engine: [Apache Tomcat/10.0.0-M8]
26-Oct-2020 16:52:14.610 INFO [main] org.apache.catalina.startup.HostConfig.deployDirectory Deploying web application directory [C:\Program Files\Apache Software Foundation\Tomcat 10.0\webapps\docs]
26-Oct-2020 16:52:16.019 WARNING [main] org.apache.catalina.util.SessionIdGeneratorBase.createSecureRandom Creation of SecureRandom instance for session ID generation using [SHA1PRNG] took [861] milliseconds.
26-Oct-2020 16:52:16.082 INFO [main] org.apache.catalina.startup.HostConfig.deployDirectory Deployment of web application directory [C:\Program Files\Apache Software Foundation\Tomcat 10.0\webapps\docs] has finished in [1,473] ms
26-Oct-2020 16:52:16.085 INFO [main] org.apache.catalina.startup.HostConfig.deployDirectory Deploying web application directory [C:\Program Files\Apache Software Foundation\Tomcat 10.0\webapps\examples]
26-Oct-2020 16:52:17.265 INFO [main] org.apache.catalina.startup.HostConfig.deployDirectory Deployment of web application directory [C:\Program Files\Apache Software Foundation\Tomcat 10.0\webapps\examples] has finished in [1,179] ms
26-Oct-2020 16:52:17.266 INFO [main] org.apache.catalina.startup.HostConfig.deployDirectory Deploying web application directory [C:\Program Files\Apache Software Foundation\Tomcat 10.0\webapps\host-manager]
26-Oct-2020 16:52:17.444 INFO [main] org.apache.catalina.startup.HostConfig.deployDirectory Deployment of web application directory [C:\Program Files\Apache Software Foundation\Tomcat 10.0\webapps\host-manager] has finished in [177] ms
26-Oct-2020 16:52:17.444 INFO [main] org.apache.catalina.startup.HostConfig.deployDirectory Deploying web application directory [C:\Program Files\Apache Software Foundation\Tomcat 10.0\webapps\manager]
26-Oct-2020 16:52:17.537 INFO [main] org.apache.catalina.startup.HostConfig.deployDirectory Deployment of web application directory [C:\Program Files\Apache Software Foundation\Tomcat 10.0\webapps\manager] has finished in [93] ms
26-Oct-2020 16:52:17.538 INFO [main] org.apache.catalina.startup.HostConfig.deployDirectory Deploying web application directory [C:\Program Files\Apache Software Foundation\Tomcat 10.0\webapps\ROOT]
26-Oct-2020 16:52:17.668 INFO [main] org.apache.catalina.startup.HostConfig.deployDirectory Deployment of web application directory [C:\Program Files\Apache Software Foundation\Tomcat 10.0\webapps\ROOT] has finished in [130] ms
26-Oct-2020 16:52:17.698 INFO [main] org.apache.coyote.AbstractProtocol.start Starting ProtocolHandler ["http-nio-8081"]
26-Oct-2020 16:52:17.759 INFO [main] org.apache.catalina.startup.Catalina.start Server startup in [3295] milliseconds
