
2020-12-23 12:52:09 Apache Commons Daemon procrun stderr initialized.
23-Dec-2020 12:52:16.130 INFO [main] org.apache.catalina.startup.VersionLoggerListener.log Server version name:   Apache Tomcat/10.0.0-M8
23-Dec-2020 12:52:16.235 INFO [main] org.apache.catalina.startup.VersionLoggerListener.log Server built:          Sep 9 2020 11:27:04 UTC
23-Dec-2020 12:52:16.235 INFO [main] org.apache.catalina.startup.VersionLoggerListener.log Server version number: 10.0.0.0
23-Dec-2020 12:52:16.235 INFO [main] org.apache.catalina.startup.VersionLoggerListener.log OS Name:               Windows 10
23-Dec-2020 12:52:16.237 INFO [main] org.apache.catalina.startup.VersionLoggerListener.log OS Version:            10.0
23-Dec-2020 12:52:16.237 INFO [main] org.apache.catalina.startup.VersionLoggerListener.log Architecture:          amd64
23-Dec-2020 12:52:16.237 INFO [main] org.apache.catalina.startup.VersionLoggerListener.log Java Home:             C:\Program Files\Java\jre1.8.0_161
23-Dec-2020 12:52:16.237 INFO [main] org.apache.catalina.startup.VersionLoggerListener.log JVM Version:           1.8.0_161-b12
23-Dec-2020 12:52:16.237 INFO [main] org.apache.catalina.startup.VersionLoggerListener.log JVM Vendor:            Oracle Corporation
23-Dec-2020 12:52:16.238 INFO [main] org.apache.catalina.startup.VersionLoggerListener.log CATALINA_BASE:         C:\Program Files\Apache Software Foundation\Tomcat 10.0
23-Dec-2020 12:52:16.238 INFO [main] org.apache.catalina.startup.VersionLoggerListener.log CATALINA_HOME:         C:\Program Files\Apache Software Foundation\Tomcat 10.0
23-Dec-2020 12:52:16.256 INFO [main] org.apache.catalina.startup.VersionLoggerListener.log Command line argument: -Dcatalina.home=C:\Program Files\Apache Software Foundation\Tomcat 10.0
23-Dec-2020 12:52:16.257 INFO [main] org.apache.catalina.startup.VersionLoggerListener.log Command line argument: -Dcatalina.base=C:\Program Files\Apache Software Foundation\Tomcat 10.0
23-Dec-2020 12:52:16.257 INFO [main] org.apache.catalina.startup.VersionLoggerListener.log Command line argument: -Djava.io.tmpdir=C:\Program Files\Apache Software Foundation\Tomcat 10.0\temp
23-Dec-2020 12:52:16.257 INFO [main] org.apache.catalina.startup.VersionLoggerListener.log Command line argument: -Djava.util.logging.manager=org.apache.juli.ClassLoaderLogManager
23-Dec-2020 12:52:16.257 INFO [main] org.apache.catalina.startup.VersionLoggerListener.log Command line argument: -Djava.util.logging.config.file=C:\Program Files\Apache Software Foundation\Tomcat 10.0\conf\logging.properties
23-Dec-2020 12:52:16.257 INFO [main] org.apache.catalina.startup.VersionLoggerListener.log Command line argument: exit
23-Dec-2020 12:52:16.258 INFO [main] org.apache.catalina.startup.VersionLoggerListener.log Command line argument: abort
23-Dec-2020 12:52:16.258 INFO [main] org.apache.catalina.startup.VersionLoggerListener.log Command line argument: -Xms128m
23-Dec-2020 12:52:16.258 INFO [main] org.apache.catalina.startup.VersionLoggerListener.log Command line argument: -Xmx256m
23-Dec-2020 12:52:16.309 INFO [main] org.apache.catalina.core.AprLifecycleListener.lifecycleEvent Loaded Apache Tomcat Native library [1.2.25] using APR version [1.7.0].
23-Dec-2020 12:52:16.310 INFO [main] org.apache.catalina.core.AprLifecycleListener.lifecycleEvent APR capabilities: IPv6 [true], sendfile [true], accept filters [false], random [true].
23-Dec-2020 12:52:16.516 INFO [main] org.apache.catalina.core.AprLifecycleListener.initializeSSL OpenSSL successfully initialized [OpenSSL 1.1.1g  21 Apr 2020]
23-Dec-2020 12:52:27.930 INFO [main] org.apache.coyote.AbstractProtocol.init Initializing ProtocolHandler ["http-nio-8081"]
23-Dec-2020 12:52:28.003 INFO [main] org.apache.catalina.startup.Catalina.load Server initialization in [14313] milliseconds
23-Dec-2020 12:52:28.145 INFO [main] org.apache.catalina.core.StandardService.startInternal Starting service [Catalina]
23-Dec-2020 12:52:28.145 INFO [main] org.apache.catalina.core.StandardEngine.startInternal Starting Servlet engine: [Apache Tomcat/10.0.0-M8]
23-Dec-2020 12:52:28.193 INFO [main] org.apache.catalina.startup.HostConfig.deployDirectory Deploying web application directory [C:\Program Files\Apache Software Foundation\Tomcat 10.0\webapps\docs]
23-Dec-2020 12:52:31.027 WARNING [main] org.apache.catalina.util.SessionIdGeneratorBase.createSecureRandom Creation of SecureRandom instance for session ID generation using [SHA1PRNG] took [1,995] milliseconds.
23-Dec-2020 12:52:31.076 INFO [main] org.apache.catalina.startup.HostConfig.deployDirectory Deployment of web application directory [C:\Program Files\Apache Software Foundation\Tomcat 10.0\webapps\docs] has finished in [2,883] ms
23-Dec-2020 12:52:31.078 INFO [main] org.apache.catalina.startup.HostConfig.deployDirectory Deploying web application directory [C:\Program Files\Apache Software Foundation\Tomcat 10.0\webapps\examples]
23-Dec-2020 12:52:32.620 INFO [main] org.apache.catalina.startup.HostConfig.deployDirectory Deployment of web application directory [C:\Program Files\Apache Software Foundation\Tomcat 10.0\webapps\examples] has finished in [1,541] ms
23-Dec-2020 12:52:32.621 INFO [main] org.apache.catalina.startup.HostConfig.deployDirectory Deploying web application directory [C:\Program Files\Apache Software Foundation\Tomcat 10.0\webapps\host-manager]
23-Dec-2020 12:52:33.078 INFO [main] org.apache.catalina.startup.HostConfig.deployDirectory Deployment of web application directory [C:\Program Files\Apache Software Foundation\Tomcat 10.0\webapps\host-manager] has finished in [457] ms
23-Dec-2020 12:52:33.079 INFO [main] org.apache.catalina.startup.HostConfig.deployDirectory Deploying web application directory [C:\Program Files\Apache Software Foundation\Tomcat 10.0\webapps\manager]
23-Dec-2020 12:52:33.171 INFO [main] org.apache.catalina.startup.HostConfig.deployDirectory Deployment of web application directory [C:\Program Files\Apache Software Foundation\Tomcat 10.0\webapps\manager] has finished in [91] ms
23-Dec-2020 12:52:33.172 INFO [main] org.apache.catalina.startup.HostConfig.deployDirectory Deploying web application directory [C:\Program Files\Apache Software Foundation\Tomcat 10.0\webapps\ROOT]
23-Dec-2020 12:52:33.253 INFO [main] org.apache.catalina.startup.HostConfig.deployDirectory Deployment of web application directory [C:\Program Files\Apache Software Foundation\Tomcat 10.0\webapps\ROOT] has finished in [81] ms
23-Dec-2020 12:52:33.285 INFO [main] org.apache.coyote.AbstractProtocol.start Starting ProtocolHandler ["http-nio-8081"]
23-Dec-2020 12:52:33.340 INFO [main] org.apache.catalina.startup.Catalina.start Server startup in [5332] milliseconds
23-Dec-2020 12:58:52.872 WARNING [main] org.apache.catalina.core.StandardServer.await Invalid shutdown command [] received
