
2020-11-27 02:07:46 Apache Commons Daemon procrun stderr initialized.
27-Nov-2020 02:07:52.215 INFO [main] org.apache.catalina.startup.VersionLoggerListener.log Server version name:   Apache Tomcat/10.0.0-M8
27-Nov-2020 02:07:52.224 INFO [main] org.apache.catalina.startup.VersionLoggerListener.log Server built:          Sep 9 2020 11:27:04 UTC
27-Nov-2020 02:07:52.224 INFO [main] org.apache.catalina.startup.VersionLoggerListener.log Server version number: 10.0.0.0
27-Nov-2020 02:07:52.225 INFO [main] org.apache.catalina.startup.VersionLoggerListener.log OS Name:               Windows 10
27-Nov-2020 02:07:52.225 INFO [main] org.apache.catalina.startup.VersionLoggerListener.log OS Version:            10.0
27-Nov-2020 02:07:52.225 INFO [main] org.apache.catalina.startup.VersionLoggerListener.log Architecture:          amd64
27-Nov-2020 02:07:52.226 INFO [main] org.apache.catalina.startup.VersionLoggerListener.log Java Home:             C:\Program Files\Java\jre1.8.0_161
27-Nov-2020 02:07:52.226 INFO [main] org.apache.catalina.startup.VersionLoggerListener.log JVM Version:           1.8.0_161-b12
27-Nov-2020 02:07:52.226 INFO [main] org.apache.catalina.startup.VersionLoggerListener.log JVM Vendor:            Oracle Corporation
27-Nov-2020 02:07:52.226 INFO [main] org.apache.catalina.startup.VersionLoggerListener.log CATALINA_BASE:         C:\Program Files\Apache Software Foundation\Tomcat 10.0
27-Nov-2020 02:07:52.226 INFO [main] org.apache.catalina.startup.VersionLoggerListener.log CATALINA_HOME:         C:\Program Files\Apache Software Foundation\Tomcat 10.0
27-Nov-2020 02:07:52.233 INFO [main] org.apache.catalina.startup.VersionLoggerListener.log Command line argument: -Dcatalina.home=C:\Program Files\Apache Software Foundation\Tomcat 10.0
27-Nov-2020 02:07:52.234 INFO [main] org.apache.catalina.startup.VersionLoggerListener.log Command line argument: -Dcatalina.base=C:\Program Files\Apache Software Foundation\Tomcat 10.0
27-Nov-2020 02:07:52.234 INFO [main] org.apache.catalina.startup.VersionLoggerListener.log Command line argument: -Djava.io.tmpdir=C:\Program Files\Apache Software Foundation\Tomcat 10.0\temp
27-Nov-2020 02:07:52.234 INFO [main] org.apache.catalina.startup.VersionLoggerListener.log Command line argument: -Djava.util.logging.manager=org.apache.juli.ClassLoaderLogManager
27-Nov-2020 02:07:52.234 INFO [main] org.apache.catalina.startup.VersionLoggerListener.log Command line argument: -Djava.util.logging.config.file=C:\Program Files\Apache Software Foundation\Tomcat 10.0\conf\logging.properties
27-Nov-2020 02:07:52.234 INFO [main] org.apache.catalina.startup.VersionLoggerListener.log Command line argument: exit
27-Nov-2020 02:07:52.235 INFO [main] org.apache.catalina.startup.VersionLoggerListener.log Command line argument: abort
27-Nov-2020 02:07:52.269 INFO [main] org.apache.catalina.startup.VersionLoggerListener.log Command line argument: -Xms128m
27-Nov-2020 02:07:52.269 INFO [main] org.apache.catalina.startup.VersionLoggerListener.log Command line argument: -Xmx256m
27-Nov-2020 02:07:52.329 INFO [main] org.apache.catalina.core.AprLifecycleListener.lifecycleEvent Loaded Apache Tomcat Native library [1.2.25] using APR version [1.7.0].
27-Nov-2020 02:07:52.330 INFO [main] org.apache.catalina.core.AprLifecycleListener.lifecycleEvent APR capabilities: IPv6 [true], sendfile [true], accept filters [false], random [true].
27-Nov-2020 02:07:52.362 INFO [main] org.apache.catalina.core.AprLifecycleListener.initializeSSL OpenSSL successfully initialized [OpenSSL 1.1.1g  21 Apr 2020]
27-Nov-2020 02:07:56.937 INFO [main] org.apache.coyote.AbstractProtocol.init Initializing ProtocolHandler ["http-nio-8081"]
27-Nov-2020 02:07:56.996 INFO [main] org.apache.catalina.startup.Catalina.load Server initialization in [6268] milliseconds
27-Nov-2020 02:07:57.097 INFO [main] org.apache.catalina.core.StandardService.startInternal Starting service [Catalina]
27-Nov-2020 02:07:57.098 INFO [main] org.apache.catalina.core.StandardEngine.startInternal Starting Servlet engine: [Apache Tomcat/10.0.0-M8]
27-Nov-2020 02:07:57.117 INFO [main] org.apache.catalina.startup.HostConfig.deployDirectory Deploying web application directory [C:\Program Files\Apache Software Foundation\Tomcat 10.0\webapps\docs]
27-Nov-2020 02:07:58.733 WARNING [main] org.apache.catalina.util.SessionIdGeneratorBase.createSecureRandom Creation of SecureRandom instance for session ID generation using [SHA1PRNG] took [955] milliseconds.
27-Nov-2020 02:07:58.808 INFO [main] org.apache.catalina.startup.HostConfig.deployDirectory Deployment of web application directory [C:\Program Files\Apache Software Foundation\Tomcat 10.0\webapps\docs] has finished in [1,690] ms
27-Nov-2020 02:07:58.809 INFO [main] org.apache.catalina.startup.HostConfig.deployDirectory Deploying web application directory [C:\Program Files\Apache Software Foundation\Tomcat 10.0\webapps\examples]
27-Nov-2020 02:08:00.537 INFO [main] org.apache.catalina.startup.HostConfig.deployDirectory Deployment of web application directory [C:\Program Files\Apache Software Foundation\Tomcat 10.0\webapps\examples] has finished in [1,728] ms
27-Nov-2020 02:08:00.538 INFO [main] org.apache.catalina.startup.HostConfig.deployDirectory Deploying web application directory [C:\Program Files\Apache Software Foundation\Tomcat 10.0\webapps\host-manager]
27-Nov-2020 02:08:00.668 INFO [main] org.apache.catalina.startup.HostConfig.deployDirectory Deployment of web application directory [C:\Program Files\Apache Software Foundation\Tomcat 10.0\webapps\host-manager] has finished in [129] ms
27-Nov-2020 02:08:00.669 INFO [main] org.apache.catalina.startup.HostConfig.deployDirectory Deploying web application directory [C:\Program Files\Apache Software Foundation\Tomcat 10.0\webapps\manager]
27-Nov-2020 02:08:00.807 INFO [main] org.apache.catalina.startup.HostConfig.deployDirectory Deployment of web application directory [C:\Program Files\Apache Software Foundation\Tomcat 10.0\webapps\manager] has finished in [138] ms
27-Nov-2020 02:08:00.808 INFO [main] org.apache.catalina.startup.HostConfig.deployDirectory Deploying web application directory [C:\Program Files\Apache Software Foundation\Tomcat 10.0\webapps\ROOT]
27-Nov-2020 02:08:00.867 INFO [main] org.apache.catalina.startup.HostConfig.deployDirectory Deployment of web application directory [C:\Program Files\Apache Software Foundation\Tomcat 10.0\webapps\ROOT] has finished in [59] ms
27-Nov-2020 02:08:00.876 INFO [main] org.apache.coyote.AbstractProtocol.start Starting ProtocolHandler ["http-nio-8081"]
27-Nov-2020 02:08:00.959 INFO [main] org.apache.catalina.startup.Catalina.start Server startup in [3962] milliseconds

2020-11-27 12:11:33 Apache Commons Daemon procrun stderr initialized.
27-Nov-2020 12:11:39.379 INFO [main] org.apache.catalina.startup.VersionLoggerListener.log Server version name:   Apache Tomcat/10.0.0-M8
27-Nov-2020 12:11:39.423 INFO [main] org.apache.catalina.startup.VersionLoggerListener.log Server built:          Sep 9 2020 11:27:04 UTC
27-Nov-2020 12:11:39.423 INFO [main] org.apache.catalina.startup.VersionLoggerListener.log Server version number: 10.0.0.0
27-Nov-2020 12:11:39.423 INFO [main] org.apache.catalina.startup.VersionLoggerListener.log OS Name:               Windows 10
27-Nov-2020 12:11:39.423 INFO [main] org.apache.catalina.startup.VersionLoggerListener.log OS Version:            10.0
27-Nov-2020 12:11:39.423 INFO [main] org.apache.catalina.startup.VersionLoggerListener.log Architecture:          amd64
27-Nov-2020 12:11:39.423 INFO [main] org.apache.catalina.startup.VersionLoggerListener.log Java Home:             C:\Program Files\Java\jre1.8.0_161
27-Nov-2020 12:11:39.424 INFO [main] org.apache.catalina.startup.VersionLoggerListener.log JVM Version:           1.8.0_161-b12
27-Nov-2020 12:11:39.424 INFO [main] org.apache.catalina.startup.VersionLoggerListener.log JVM Vendor:            Oracle Corporation
27-Nov-2020 12:11:39.424 INFO [main] org.apache.catalina.startup.VersionLoggerListener.log CATALINA_BASE:         C:\Program Files\Apache Software Foundation\Tomcat 10.0
27-Nov-2020 12:11:39.424 INFO [main] org.apache.catalina.startup.VersionLoggerListener.log CATALINA_HOME:         C:\Program Files\Apache Software Foundation\Tomcat 10.0
27-Nov-2020 12:11:39.454 INFO [main] org.apache.catalina.startup.VersionLoggerListener.log Command line argument: -Dcatalina.home=C:\Program Files\Apache Software Foundation\Tomcat 10.0
27-Nov-2020 12:11:39.455 INFO [main] org.apache.catalina.startup.VersionLoggerListener.log Command line argument: -Dcatalina.base=C:\Program Files\Apache Software Foundation\Tomcat 10.0
27-Nov-2020 12:11:39.455 INFO [main] org.apache.catalina.startup.VersionLoggerListener.log Command line argument: -Djava.io.tmpdir=C:\Program Files\Apache Software Foundation\Tomcat 10.0\temp
27-Nov-2020 12:11:39.455 INFO [main] org.apache.catalina.startup.VersionLoggerListener.log Command line argument: -Djava.util.logging.manager=org.apache.juli.ClassLoaderLogManager
27-Nov-2020 12:11:39.455 INFO [main] org.apache.catalina.startup.VersionLoggerListener.log Command line argument: -Djava.util.logging.config.file=C:\Program Files\Apache Software Foundation\Tomcat 10.0\conf\logging.properties
27-Nov-2020 12:11:39.455 INFO [main] org.apache.catalina.startup.VersionLoggerListener.log Command line argument: exit
27-Nov-2020 12:11:39.455 INFO [main] org.apache.catalina.startup.VersionLoggerListener.log Command line argument: abort
27-Nov-2020 12:11:39.455 INFO [main] org.apache.catalina.startup.VersionLoggerListener.log Command line argument: -Xms128m
27-Nov-2020 12:11:39.455 INFO [main] org.apache.catalina.startup.VersionLoggerListener.log Command line argument: -Xmx256m
27-Nov-2020 12:11:39.506 INFO [main] org.apache.catalina.core.AprLifecycleListener.lifecycleEvent Loaded Apache Tomcat Native library [1.2.25] using APR version [1.7.0].
27-Nov-2020 12:11:39.506 INFO [main] org.apache.catalina.core.AprLifecycleListener.lifecycleEvent APR capabilities: IPv6 [true], sendfile [true], accept filters [false], random [true].
27-Nov-2020 12:11:39.654 INFO [main] org.apache.catalina.core.AprLifecycleListener.initializeSSL OpenSSL successfully initialized [OpenSSL 1.1.1g  21 Apr 2020]
27-Nov-2020 12:11:50.115 INFO [main] org.apache.coyote.AbstractProtocol.init Initializing ProtocolHandler ["http-nio-8081"]
27-Nov-2020 12:11:50.216 INFO [main] org.apache.catalina.startup.Catalina.load Server initialization in [12132] milliseconds
27-Nov-2020 12:11:50.305 INFO [main] org.apache.catalina.core.StandardService.startInternal Starting service [Catalina]
27-Nov-2020 12:11:50.305 INFO [main] org.apache.catalina.core.StandardEngine.startInternal Starting Servlet engine: [Apache Tomcat/10.0.0-M8]
27-Nov-2020 12:11:50.322 INFO [main] org.apache.catalina.startup.HostConfig.deployDirectory Deploying web application directory [C:\Program Files\Apache Software Foundation\Tomcat 10.0\webapps\docs]
27-Nov-2020 12:11:52.521 WARNING [main] org.apache.catalina.util.SessionIdGeneratorBase.createSecureRandom Creation of SecureRandom instance for session ID generation using [SHA1PRNG] took [1,380] milliseconds.
27-Nov-2020 12:11:52.600 INFO [main] org.apache.catalina.startup.HostConfig.deployDirectory Deployment of web application directory [C:\Program Files\Apache Software Foundation\Tomcat 10.0\webapps\docs] has finished in [2,277] ms
27-Nov-2020 12:11:52.600 INFO [main] org.apache.catalina.startup.HostConfig.deployDirectory Deploying web application directory [C:\Program Files\Apache Software Foundation\Tomcat 10.0\webapps\examples]
27-Nov-2020 12:11:53.943 INFO [main] org.apache.catalina.startup.HostConfig.deployDirectory Deployment of web application directory [C:\Program Files\Apache Software Foundation\Tomcat 10.0\webapps\examples] has finished in [1,343] ms
27-Nov-2020 12:11:53.944 INFO [main] org.apache.catalina.startup.HostConfig.deployDirectory Deploying web application directory [C:\Program Files\Apache Software Foundation\Tomcat 10.0\webapps\host-manager]
27-Nov-2020 12:11:54.113 INFO [main] org.apache.catalina.startup.HostConfig.deployDirectory Deployment of web application directory [C:\Program Files\Apache Software Foundation\Tomcat 10.0\webapps\host-manager] has finished in [169] ms
27-Nov-2020 12:11:54.115 INFO [main] org.apache.catalina.startup.HostConfig.deployDirectory Deploying web application directory [C:\Program Files\Apache Software Foundation\Tomcat 10.0\webapps\manager]
27-Nov-2020 12:11:54.272 INFO [main] org.apache.catalina.startup.HostConfig.deployDirectory Deployment of web application directory [C:\Program Files\Apache Software Foundation\Tomcat 10.0\webapps\manager] has finished in [157] ms
27-Nov-2020 12:11:54.273 INFO [main] org.apache.catalina.startup.HostConfig.deployDirectory Deploying web application directory [C:\Program Files\Apache Software Foundation\Tomcat 10.0\webapps\ROOT]
27-Nov-2020 12:11:54.471 INFO [main] org.apache.catalina.startup.HostConfig.deployDirectory Deployment of web application directory [C:\Program Files\Apache Software Foundation\Tomcat 10.0\webapps\ROOT] has finished in [148] ms
27-Nov-2020 12:11:54.481 INFO [main] org.apache.coyote.AbstractProtocol.start Starting ProtocolHandler ["http-nio-8081"]
27-Nov-2020 12:11:54.554 INFO [main] org.apache.catalina.startup.Catalina.start Server startup in [4337] milliseconds
03-Dec-2020 17:04:39.161 INFO [Thread-4] org.apache.coyote.AbstractProtocol.pause Pausing ProtocolHandler ["http-nio-8081"]
03-Dec-2020 17:04:39.763 INFO [Thread-4] org.apache.catalina.core.StandardService.stopInternal Stopping service [Catalina]
03-Dec-2020 17:04:39.888 INFO [Thread-4] org.apache.coyote.AbstractProtocol.stop Stopping ProtocolHandler ["http-nio-8081"]
03-Dec-2020 17:04:39.935 INFO [Thread-4] org.apache.coyote.AbstractProtocol.destroy Destroying ProtocolHandler ["http-nio-8081"]
