
2020-10-08 01:29:00 Apache Commons Daemon procrun stderr initialized.
08-Oct-2020 01:29:07.697 INFO [main] org.apache.catalina.startup.VersionLoggerListener.log Server version name:   Apache Tomcat/10.0.0-M8
08-Oct-2020 01:29:07.704 INFO [main] org.apache.catalina.startup.VersionLoggerListener.log Server built:          Sep 9 2020 11:27:04 UTC
08-Oct-2020 01:29:07.705 INFO [main] org.apache.catalina.startup.VersionLoggerListener.log Server version number: 10.0.0.0
08-Oct-2020 01:29:07.705 INFO [main] org.apache.catalina.startup.VersionLoggerListener.log OS Name:               Windows 10
08-Oct-2020 01:29:07.711 INFO [main] org.apache.catalina.startup.VersionLoggerListener.log OS Version:            10.0
08-Oct-2020 01:29:07.711 INFO [main] org.apache.catalina.startup.VersionLoggerListener.log Architecture:          amd64
08-Oct-2020 01:29:07.711 INFO [main] org.apache.catalina.startup.VersionLoggerListener.log Java Home:             C:\Program Files\Java\jre1.8.0_161
08-Oct-2020 01:29:07.711 INFO [main] org.apache.catalina.startup.VersionLoggerListener.log JVM Version:           1.8.0_161-b12
08-Oct-2020 01:29:07.711 INFO [main] org.apache.catalina.startup.VersionLoggerListener.log JVM Vendor:            Oracle Corporation
08-Oct-2020 01:29:07.711 INFO [main] org.apache.catalina.startup.VersionLoggerListener.log CATALINA_BASE:         C:\Program Files\Apache Software Foundation\Tomcat 10.0
08-Oct-2020 01:29:07.711 INFO [main] org.apache.catalina.startup.VersionLoggerListener.log CATALINA_HOME:         C:\Program Files\Apache Software Foundation\Tomcat 10.0
08-Oct-2020 01:29:07.712 INFO [main] org.apache.catalina.startup.VersionLoggerListener.log Command line argument: -Dcatalina.home=C:\Program Files\Apache Software Foundation\Tomcat 10.0
08-Oct-2020 01:29:07.713 INFO [main] org.apache.catalina.startup.VersionLoggerListener.log Command line argument: -Dcatalina.base=C:\Program Files\Apache Software Foundation\Tomcat 10.0
08-Oct-2020 01:29:07.713 INFO [main] org.apache.catalina.startup.VersionLoggerListener.log Command line argument: -Djava.io.tmpdir=C:\Program Files\Apache Software Foundation\Tomcat 10.0\temp
08-Oct-2020 01:29:07.713 INFO [main] org.apache.catalina.startup.VersionLoggerListener.log Command line argument: -Djava.util.logging.manager=org.apache.juli.ClassLoaderLogManager
08-Oct-2020 01:29:07.713 INFO [main] org.apache.catalina.startup.VersionLoggerListener.log Command line argument: -Djava.util.logging.config.file=C:\Program Files\Apache Software Foundation\Tomcat 10.0\conf\logging.properties
08-Oct-2020 01:29:07.713 INFO [main] org.apache.catalina.startup.VersionLoggerListener.log Command line argument: exit
08-Oct-2020 01:29:07.713 INFO [main] org.apache.catalina.startup.VersionLoggerListener.log Command line argument: abort
08-Oct-2020 01:29:07.723 INFO [main] org.apache.catalina.startup.VersionLoggerListener.log Command line argument: -Xms128m
08-Oct-2020 01:29:07.724 INFO [main] org.apache.catalina.startup.VersionLoggerListener.log Command line argument: -Xmx256m
08-Oct-2020 01:29:07.733 INFO [main] org.apache.catalina.core.AprLifecycleListener.lifecycleEvent Loaded Apache Tomcat Native library [1.2.25] using APR version [1.7.0].
08-Oct-2020 01:29:07.734 INFO [main] org.apache.catalina.core.AprLifecycleListener.lifecycleEvent APR capabilities: IPv6 [true], sendfile [true], accept filters [false], random [true].
08-Oct-2020 01:29:07.781 INFO [main] org.apache.catalina.core.AprLifecycleListener.initializeSSL OpenSSL successfully initialized [OpenSSL 1.1.1g  21 Apr 2020]
08-Oct-2020 01:29:16.915 INFO [main] org.apache.coyote.AbstractProtocol.init Initializing ProtocolHandler ["http-nio-8081"]
08-Oct-2020 01:29:17.067 INFO [main] org.apache.catalina.startup.Catalina.load Server initialization in [11077] milliseconds
08-Oct-2020 01:29:17.158 INFO [main] org.apache.catalina.core.StandardService.startInternal Starting service [Catalina]
08-Oct-2020 01:29:17.158 INFO [main] org.apache.catalina.core.StandardEngine.startInternal Starting Servlet engine: [Apache Tomcat/10.0.0-M8]
08-Oct-2020 01:29:17.178 INFO [main] org.apache.catalina.startup.HostConfig.deployDirectory Deploying web application directory [C:\Program Files\Apache Software Foundation\Tomcat 10.0\webapps\docs]
08-Oct-2020 01:29:20.289 WARNING [main] org.apache.catalina.util.SessionIdGeneratorBase.createSecureRandom Creation of SecureRandom instance for session ID generation using [SHA1PRNG] took [2,216] milliseconds.
08-Oct-2020 01:29:20.351 INFO [main] org.apache.catalina.startup.HostConfig.deployDirectory Deployment of web application directory [C:\Program Files\Apache Software Foundation\Tomcat 10.0\webapps\docs] has finished in [3,173] ms
08-Oct-2020 01:29:20.352 INFO [main] org.apache.catalina.startup.HostConfig.deployDirectory Deploying web application directory [C:\Program Files\Apache Software Foundation\Tomcat 10.0\webapps\examples]
08-Oct-2020 01:29:21.860 INFO [main] org.apache.catalina.startup.HostConfig.deployDirectory Deployment of web application directory [C:\Program Files\Apache Software Foundation\Tomcat 10.0\webapps\examples] has finished in [1,508] ms
08-Oct-2020 01:29:21.861 INFO [main] org.apache.catalina.startup.HostConfig.deployDirectory Deploying web application directory [C:\Program Files\Apache Software Foundation\Tomcat 10.0\webapps\host-manager]
08-Oct-2020 01:29:21.970 INFO [main] org.apache.catalina.startup.HostConfig.deployDirectory Deployment of web application directory [C:\Program Files\Apache Software Foundation\Tomcat 10.0\webapps\host-manager] has finished in [108] ms
08-Oct-2020 01:29:21.970 INFO [main] org.apache.catalina.startup.HostConfig.deployDirectory Deploying web application directory [C:\Program Files\Apache Software Foundation\Tomcat 10.0\webapps\manager]
08-Oct-2020 01:29:22.064 INFO [main] org.apache.catalina.startup.HostConfig.deployDirectory Deployment of web application directory [C:\Program Files\Apache Software Foundation\Tomcat 10.0\webapps\manager] has finished in [94] ms
08-Oct-2020 01:29:22.065 INFO [main] org.apache.catalina.startup.HostConfig.deployDirectory Deploying web application directory [C:\Program Files\Apache Software Foundation\Tomcat 10.0\webapps\ROOT]
08-Oct-2020 01:29:22.111 INFO [main] org.apache.catalina.startup.HostConfig.deployDirectory Deployment of web application directory [C:\Program Files\Apache Software Foundation\Tomcat 10.0\webapps\ROOT] has finished in [45] ms
08-Oct-2020 01:29:22.117 INFO [main] org.apache.coyote.AbstractProtocol.start Starting ProtocolHandler ["http-nio-8081"]
08-Oct-2020 01:29:22.149 INFO [main] org.apache.catalina.startup.Catalina.start Server startup in [5082] milliseconds

2020-10-08 10:42:15 Apache Commons Daemon procrun stderr initialized.
08-Oct-2020 10:42:22.273 INFO [main] org.apache.catalina.startup.VersionLoggerListener.log Server version name:   Apache Tomcat/10.0.0-M8
08-Oct-2020 10:42:22.280 INFO [main] org.apache.catalina.startup.VersionLoggerListener.log Server built:          Sep 9 2020 11:27:04 UTC
08-Oct-2020 10:42:22.280 INFO [main] org.apache.catalina.startup.VersionLoggerListener.log Server version number: 10.0.0.0
08-Oct-2020 10:42:22.280 INFO [main] org.apache.catalina.startup.VersionLoggerListener.log OS Name:               Windows 10
08-Oct-2020 10:42:22.280 INFO [main] org.apache.catalina.startup.VersionLoggerListener.log OS Version:            10.0
08-Oct-2020 10:42:22.281 INFO [main] org.apache.catalina.startup.VersionLoggerListener.log Architecture:          amd64
08-Oct-2020 10:42:22.281 INFO [main] org.apache.catalina.startup.VersionLoggerListener.log Java Home:             C:\Program Files\Java\jre1.8.0_161
08-Oct-2020 10:42:22.281 INFO [main] org.apache.catalina.startup.VersionLoggerListener.log JVM Version:           1.8.0_161-b12
08-Oct-2020 10:42:22.281 INFO [main] org.apache.catalina.startup.VersionLoggerListener.log JVM Vendor:            Oracle Corporation
08-Oct-2020 10:42:22.281 INFO [main] org.apache.catalina.startup.VersionLoggerListener.log CATALINA_BASE:         C:\Program Files\Apache Software Foundation\Tomcat 10.0
08-Oct-2020 10:42:22.281 INFO [main] org.apache.catalina.startup.VersionLoggerListener.log CATALINA_HOME:         C:\Program Files\Apache Software Foundation\Tomcat 10.0
08-Oct-2020 10:42:22.288 INFO [main] org.apache.catalina.startup.VersionLoggerListener.log Command line argument: -Dcatalina.home=C:\Program Files\Apache Software Foundation\Tomcat 10.0
08-Oct-2020 10:42:22.289 INFO [main] org.apache.catalina.startup.VersionLoggerListener.log Command line argument: -Dcatalina.base=C:\Program Files\Apache Software Foundation\Tomcat 10.0
08-Oct-2020 10:42:22.289 INFO [main] org.apache.catalina.startup.VersionLoggerListener.log Command line argument: -Djava.io.tmpdir=C:\Program Files\Apache Software Foundation\Tomcat 10.0\temp
08-Oct-2020 10:42:22.289 INFO [main] org.apache.catalina.startup.VersionLoggerListener.log Command line argument: -Djava.util.logging.manager=org.apache.juli.ClassLoaderLogManager
08-Oct-2020 10:42:22.289 INFO [main] org.apache.catalina.startup.VersionLoggerListener.log Command line argument: -Djava.util.logging.config.file=C:\Program Files\Apache Software Foundation\Tomcat 10.0\conf\logging.properties
08-Oct-2020 10:42:22.289 INFO [main] org.apache.catalina.startup.VersionLoggerListener.log Command line argument: exit
08-Oct-2020 10:42:22.289 INFO [main] org.apache.catalina.startup.VersionLoggerListener.log Command line argument: abort
08-Oct-2020 10:42:22.290 INFO [main] org.apache.catalina.startup.VersionLoggerListener.log Command line argument: -Xms128m
08-Oct-2020 10:42:22.290 INFO [main] org.apache.catalina.startup.VersionLoggerListener.log Command line argument: -Xmx256m
08-Oct-2020 10:42:22.338 INFO [main] org.apache.catalina.core.AprLifecycleListener.lifecycleEvent Loaded Apache Tomcat Native library [1.2.25] using APR version [1.7.0].
08-Oct-2020 10:42:22.338 INFO [main] org.apache.catalina.core.AprLifecycleListener.lifecycleEvent APR capabilities: IPv6 [true], sendfile [true], accept filters [false], random [true].
08-Oct-2020 10:42:22.364 INFO [main] org.apache.catalina.core.AprLifecycleListener.initializeSSL OpenSSL successfully initialized [OpenSSL 1.1.1g  21 Apr 2020]
08-Oct-2020 10:42:28.025 INFO [main] org.apache.coyote.AbstractProtocol.init Initializing ProtocolHandler ["http-nio-8081"]
08-Oct-2020 10:42:28.105 INFO [main] org.apache.catalina.startup.Catalina.load Server initialization in [6925] milliseconds
08-Oct-2020 10:42:28.187 INFO [main] org.apache.catalina.core.StandardService.startInternal Starting service [Catalina]
08-Oct-2020 10:42:28.188 INFO [main] org.apache.catalina.core.StandardEngine.startInternal Starting Servlet engine: [Apache Tomcat/10.0.0-M8]
08-Oct-2020 10:42:28.213 INFO [main] org.apache.catalina.startup.HostConfig.deployDirectory Deploying web application directory [C:\Program Files\Apache Software Foundation\Tomcat 10.0\webapps\docs]
08-Oct-2020 10:42:30.547 WARNING [main] org.apache.catalina.util.SessionIdGeneratorBase.createSecureRandom Creation of SecureRandom instance for session ID generation using [SHA1PRNG] took [1,633] milliseconds.
08-Oct-2020 10:42:30.640 INFO [main] org.apache.catalina.startup.HostConfig.deployDirectory Deployment of web application directory [C:\Program Files\Apache Software Foundation\Tomcat 10.0\webapps\docs] has finished in [2,427] ms
08-Oct-2020 10:42:30.642 INFO [main] org.apache.catalina.startup.HostConfig.deployDirectory Deploying web application directory [C:\Program Files\Apache Software Foundation\Tomcat 10.0\webapps\examples]
08-Oct-2020 10:42:32.188 INFO [main] org.apache.catalina.startup.HostConfig.deployDirectory Deployment of web application directory [C:\Program Files\Apache Software Foundation\Tomcat 10.0\webapps\examples] has finished in [1,546] ms
08-Oct-2020 10:42:32.189 INFO [main] org.apache.catalina.startup.HostConfig.deployDirectory Deploying web application directory [C:\Program Files\Apache Software Foundation\Tomcat 10.0\webapps\host-manager]
08-Oct-2020 10:42:32.290 INFO [main] org.apache.catalina.startup.HostConfig.deployDirectory Deployment of web application directory [C:\Program Files\Apache Software Foundation\Tomcat 10.0\webapps\host-manager] has finished in [101] ms
08-Oct-2020 10:42:32.291 INFO [main] org.apache.catalina.startup.HostConfig.deployDirectory Deploying web application directory [C:\Program Files\Apache Software Foundation\Tomcat 10.0\webapps\manager]
08-Oct-2020 10:42:32.413 INFO [main] org.apache.catalina.startup.HostConfig.deployDirectory Deployment of web application directory [C:\Program Files\Apache Software Foundation\Tomcat 10.0\webapps\manager] has finished in [122] ms
08-Oct-2020 10:42:32.414 INFO [main] org.apache.catalina.startup.HostConfig.deployDirectory Deploying web application directory [C:\Program Files\Apache Software Foundation\Tomcat 10.0\webapps\ROOT]
08-Oct-2020 10:42:32.589 INFO [main] org.apache.catalina.startup.HostConfig.deployDirectory Deployment of web application directory [C:\Program Files\Apache Software Foundation\Tomcat 10.0\webapps\ROOT] has finished in [175] ms
08-Oct-2020 10:42:32.695 INFO [main] org.apache.coyote.AbstractProtocol.start Starting ProtocolHandler ["http-nio-8081"]
08-Oct-2020 10:42:32.742 INFO [main] org.apache.catalina.startup.Catalina.start Server startup in [4636] milliseconds
12-Oct-2020 13:47:05.532 INFO [Thread-4] org.apache.coyote.AbstractProtocol.pause Pausing ProtocolHandler ["http-nio-8081"]
12-Oct-2020 13:47:05.940 INFO [Thread-4] org.apache.catalina.core.StandardService.stopInternal Stopping service [Catalina]
12-Oct-2020 13:47:06.065 INFO [Thread-4] org.apache.coyote.AbstractProtocol.stop Stopping ProtocolHandler ["http-nio-8081"]
12-Oct-2020 13:47:06.112 INFO [Thread-4] org.apache.coyote.AbstractProtocol.destroy Destroying ProtocolHandler ["http-nio-8081"]
