01-Nov-2020 13:47:48.230 INFO [Thread-4] org.apache.coyote.AbstractProtocol.pause Pausing ProtocolHandler ["http-nio-8081"]
01-Nov-2020 13:47:48.777 INFO [Thread-4] org.apache.catalina.core.StandardService.stopInternal Stopping service [Catalina]
01-Nov-2020 13:47:48.919 INFO [Thread-4] org.apache.coyote.AbstractProtocol.stop Stopping ProtocolHandler ["http-nio-8081"]
01-Nov-2020 13:47:48.950 INFO [Thread-4] org.apache.coyote.AbstractProtocol.destroy Destroying ProtocolHandler ["http-nio-8081"]
01-Nov-2020 13:48:27.497 INFO [main] org.apache.catalina.startup.VersionLoggerListener.log Server version name:   Apache Tomcat/10.0.0-M8
01-Nov-2020 13:48:27.501 INFO [main] org.apache.catalina.startup.VersionLoggerListener.log Server built:          Sep 9 2020 11:27:04 UTC
01-Nov-2020 13:48:27.502 INFO [main] org.apache.catalina.startup.VersionLoggerListener.log Server version number: 10.0.0.0
01-Nov-2020 13:48:27.502 INFO [main] org.apache.catalina.startup.VersionLoggerListener.log OS Name:               Windows 10
01-Nov-2020 13:48:27.504 INFO [main] org.apache.catalina.startup.VersionLoggerListener.log OS Version:            10.0
01-Nov-2020 13:48:27.504 INFO [main] org.apache.catalina.startup.VersionLoggerListener.log Architecture:          amd64
01-Nov-2020 13:48:27.505 INFO [main] org.apache.catalina.startup.VersionLoggerListener.log Java Home:             C:\Program Files\Java\jre1.8.0_161
01-Nov-2020 13:48:27.505 INFO [main] org.apache.catalina.startup.VersionLoggerListener.log JVM Version:           1.8.0_161-b12
01-Nov-2020 13:48:27.505 INFO [main] org.apache.catalina.startup.VersionLoggerListener.log JVM Vendor:            Oracle Corporation
01-Nov-2020 13:48:27.505 INFO [main] org.apache.catalina.startup.VersionLoggerListener.log CATALINA_BASE:         C:\Program Files\Apache Software Foundation\Tomcat 10.0
01-Nov-2020 13:48:27.506 INFO [main] org.apache.catalina.startup.VersionLoggerListener.log CATALINA_HOME:         C:\Program Files\Apache Software Foundation\Tomcat 10.0
01-Nov-2020 13:48:27.508 INFO [main] org.apache.catalina.startup.VersionLoggerListener.log Command line argument: -Dcatalina.home=C:\Program Files\Apache Software Foundation\Tomcat 10.0
01-Nov-2020 13:48:27.509 INFO [main] org.apache.catalina.startup.VersionLoggerListener.log Command line argument: -Dcatalina.base=C:\Program Files\Apache Software Foundation\Tomcat 10.0
01-Nov-2020 13:48:27.509 INFO [main] org.apache.catalina.startup.VersionLoggerListener.log Command line argument: -Djava.io.tmpdir=C:\Program Files\Apache Software Foundation\Tomcat 10.0\temp
01-Nov-2020 13:48:27.509 INFO [main] org.apache.catalina.startup.VersionLoggerListener.log Command line argument: -Djava.util.logging.manager=org.apache.juli.ClassLoaderLogManager
01-Nov-2020 13:48:27.509 INFO [main] org.apache.catalina.startup.VersionLoggerListener.log Command line argument: -Djava.util.logging.config.file=C:\Program Files\Apache Software Foundation\Tomcat 10.0\conf\logging.properties
01-Nov-2020 13:48:27.509 INFO [main] org.apache.catalina.startup.VersionLoggerListener.log Command line argument: exit
01-Nov-2020 13:48:27.509 INFO [main] org.apache.catalina.startup.VersionLoggerListener.log Command line argument: abort
01-Nov-2020 13:48:27.510 INFO [main] org.apache.catalina.startup.VersionLoggerListener.log Command line argument: -Xms128m
01-Nov-2020 13:48:27.510 INFO [main] org.apache.catalina.startup.VersionLoggerListener.log Command line argument: -Xmx256m
01-Nov-2020 13:48:27.562 INFO [main] org.apache.catalina.core.AprLifecycleListener.lifecycleEvent Loaded Apache Tomcat Native library [1.2.25] using APR version [1.7.0].
01-Nov-2020 13:48:27.562 INFO [main] org.apache.catalina.core.AprLifecycleListener.lifecycleEvent APR capabilities: IPv6 [true], sendfile [true], accept filters [false], random [true].
01-Nov-2020 13:48:27.589 INFO [main] org.apache.catalina.core.AprLifecycleListener.initializeSSL OpenSSL successfully initialized [OpenSSL 1.1.1g  21 Apr 2020]
01-Nov-2020 13:48:32.503 INFO [main] org.apache.coyote.AbstractProtocol.init Initializing ProtocolHandler ["http-nio-8081"]
01-Nov-2020 13:48:32.632 INFO [main] org.apache.catalina.startup.Catalina.load Server initialization in [6219] milliseconds
01-Nov-2020 13:48:32.755 INFO [main] org.apache.catalina.core.StandardService.startInternal Starting service [Catalina]
01-Nov-2020 13:48:32.756 INFO [main] org.apache.catalina.core.StandardEngine.startInternal Starting Servlet engine: [Apache Tomcat/10.0.0-M8]
01-Nov-2020 13:48:32.784 INFO [main] org.apache.catalina.startup.HostConfig.deployDirectory Deploying web application directory [C:\Program Files\Apache Software Foundation\Tomcat 10.0\webapps\docs]
01-Nov-2020 13:48:33.968 WARNING [main] org.apache.catalina.util.SessionIdGeneratorBase.createSecureRandom Creation of SecureRandom instance for session ID generation using [SHA1PRNG] took [564] milliseconds.
01-Nov-2020 13:48:34.015 INFO [main] org.apache.catalina.startup.HostConfig.deployDirectory Deployment of web application directory [C:\Program Files\Apache Software Foundation\Tomcat 10.0\webapps\docs] has finished in [1,230] ms
01-Nov-2020 13:48:34.015 INFO [main] org.apache.catalina.startup.HostConfig.deployDirectory Deploying web application directory [C:\Program Files\Apache Software Foundation\Tomcat 10.0\webapps\examples]
01-Nov-2020 13:48:35.357 INFO [main] org.apache.catalina.startup.HostConfig.deployDirectory Deployment of web application directory [C:\Program Files\Apache Software Foundation\Tomcat 10.0\webapps\examples] has finished in [1,342] ms
01-Nov-2020 13:48:35.358 INFO [main] org.apache.catalina.startup.HostConfig.deployDirectory Deploying web application directory [C:\Program Files\Apache Software Foundation\Tomcat 10.0\webapps\host-manager]
01-Nov-2020 13:48:35.460 INFO [main] org.apache.catalina.startup.HostConfig.deployDirectory Deployment of web application directory [C:\Program Files\Apache Software Foundation\Tomcat 10.0\webapps\host-manager] has finished in [102] ms
01-Nov-2020 13:48:35.483 INFO [main] org.apache.catalina.startup.HostConfig.deployDirectory Deploying web application directory [C:\Program Files\Apache Software Foundation\Tomcat 10.0\webapps\manager]
01-Nov-2020 13:48:35.598 INFO [main] org.apache.catalina.startup.HostConfig.deployDirectory Deployment of web application directory [C:\Program Files\Apache Software Foundation\Tomcat 10.0\webapps\manager] has finished in [116] ms
01-Nov-2020 13:48:35.599 INFO [main] org.apache.catalina.startup.HostConfig.deployDirectory Deploying web application directory [C:\Program Files\Apache Software Foundation\Tomcat 10.0\webapps\ROOT]
01-Nov-2020 13:48:35.688 INFO [main] org.apache.catalina.startup.HostConfig.deployDirectory Deployment of web application directory [C:\Program Files\Apache Software Foundation\Tomcat 10.0\webapps\ROOT] has finished in [88] ms
01-Nov-2020 13:48:35.694 INFO [main] org.apache.coyote.AbstractProtocol.start Starting ProtocolHandler ["http-nio-8081"]
01-Nov-2020 13:48:35.731 INFO [main] org.apache.catalina.startup.Catalina.start Server startup in [3098] milliseconds
01-Nov-2020 13:48:44.033 INFO [Thread-4] org.apache.coyote.AbstractProtocol.pause Pausing ProtocolHandler ["http-nio-8081"]
01-Nov-2020 13:48:44.346 INFO [Thread-4] org.apache.catalina.core.StandardService.stopInternal Stopping service [Catalina]
01-Nov-2020 13:48:44.417 INFO [Thread-4] org.apache.coyote.AbstractProtocol.stop Stopping ProtocolHandler ["http-nio-8081"]
01-Nov-2020 13:48:44.449 INFO [Thread-4] org.apache.coyote.AbstractProtocol.destroy Destroying ProtocolHandler ["http-nio-8081"]
01-Nov-2020 13:49:22.438 INFO [main] org.apache.catalina.startup.VersionLoggerListener.log Server version name:   Apache Tomcat/10.0.0-M8
01-Nov-2020 13:49:22.470 INFO [main] org.apache.catalina.startup.VersionLoggerListener.log Server built:          Sep 9 2020 11:27:04 UTC
01-Nov-2020 13:49:22.470 INFO [main] org.apache.catalina.startup.VersionLoggerListener.log Server version number: 10.0.0.0
01-Nov-2020 13:49:22.470 INFO [main] org.apache.catalina.startup.VersionLoggerListener.log OS Name:               Windows 10
01-Nov-2020 13:49:22.470 INFO [main] org.apache.catalina.startup.VersionLoggerListener.log OS Version:            10.0
01-Nov-2020 13:49:22.470 INFO [main] org.apache.catalina.startup.VersionLoggerListener.log Architecture:          amd64
01-Nov-2020 13:49:22.471 INFO [main] org.apache.catalina.startup.VersionLoggerListener.log Java Home:             C:\Program Files\Java\jre1.8.0_161
01-Nov-2020 13:49:22.471 INFO [main] org.apache.catalina.startup.VersionLoggerListener.log JVM Version:           1.8.0_161-b12
01-Nov-2020 13:49:22.471 INFO [main] org.apache.catalina.startup.VersionLoggerListener.log JVM Vendor:            Oracle Corporation
01-Nov-2020 13:49:22.471 INFO [main] org.apache.catalina.startup.VersionLoggerListener.log CATALINA_BASE:         C:\Program Files\Apache Software Foundation\Tomcat 10.0
01-Nov-2020 13:49:22.471 INFO [main] org.apache.catalina.startup.VersionLoggerListener.log CATALINA_HOME:         C:\Program Files\Apache Software Foundation\Tomcat 10.0
01-Nov-2020 13:49:22.499 INFO [main] org.apache.catalina.startup.VersionLoggerListener.log Command line argument: -Dcatalina.home=C:\Program Files\Apache Software Foundation\Tomcat 10.0
01-Nov-2020 13:49:22.500 INFO [main] org.apache.catalina.startup.VersionLoggerListener.log Command line argument: -Dcatalina.base=C:\Program Files\Apache Software Foundation\Tomcat 10.0
01-Nov-2020 13:49:22.500 INFO [main] org.apache.catalina.startup.VersionLoggerListener.log Command line argument: -Djava.io.tmpdir=C:\Program Files\Apache Software Foundation\Tomcat 10.0\temp
01-Nov-2020 13:49:22.500 INFO [main] org.apache.catalina.startup.VersionLoggerListener.log Command line argument: -Djava.util.logging.manager=org.apache.juli.ClassLoaderLogManager
01-Nov-2020 13:49:22.500 INFO [main] org.apache.catalina.startup.VersionLoggerListener.log Command line argument: -Djava.util.logging.config.file=C:\Program Files\Apache Software Foundation\Tomcat 10.0\conf\logging.properties
01-Nov-2020 13:49:22.500 INFO [main] org.apache.catalina.startup.VersionLoggerListener.log Command line argument: exit
01-Nov-2020 13:49:22.501 INFO [main] org.apache.catalina.startup.VersionLoggerListener.log Command line argument: abort
01-Nov-2020 13:49:22.501 INFO [main] org.apache.catalina.startup.VersionLoggerListener.log Command line argument: -Xms128m
01-Nov-2020 13:49:22.501 INFO [main] org.apache.catalina.startup.VersionLoggerListener.log Command line argument: -Xmx256m
01-Nov-2020 13:49:22.851 INFO [main] org.apache.catalina.core.AprLifecycleListener.lifecycleEvent Loaded Apache Tomcat Native library [1.2.25] using APR version [1.7.0].
01-Nov-2020 13:49:22.851 INFO [main] org.apache.catalina.core.AprLifecycleListener.lifecycleEvent APR capabilities: IPv6 [true], sendfile [true], accept filters [false], random [true].
01-Nov-2020 13:49:22.869 INFO [main] org.apache.catalina.core.AprLifecycleListener.initializeSSL OpenSSL successfully initialized [OpenSSL 1.1.1g  21 Apr 2020]
01-Nov-2020 13:49:35.019 INFO [main] org.apache.coyote.AbstractProtocol.init Initializing ProtocolHandler ["http-nio-8081"]
01-Nov-2020 13:49:35.208 INFO [main] org.apache.catalina.startup.Catalina.load Server initialization in [13890] milliseconds
01-Nov-2020 13:49:35.327 INFO [main] org.apache.catalina.core.StandardService.startInternal Starting service [Catalina]
01-Nov-2020 13:49:35.327 INFO [main] org.apache.catalina.core.StandardEngine.startInternal Starting Servlet engine: [Apache Tomcat/10.0.0-M8]
01-Nov-2020 13:49:35.442 INFO [main] org.apache.catalina.startup.HostConfig.deployDirectory Deploying web application directory [C:\Program Files\Apache Software Foundation\Tomcat 10.0\webapps\docs]
01-Nov-2020 13:49:37.089 WARNING [main] org.apache.catalina.util.SessionIdGeneratorBase.createSecureRandom Creation of SecureRandom instance for session ID generation using [SHA1PRNG] took [824] milliseconds.
01-Nov-2020 13:49:37.175 INFO [main] org.apache.catalina.startup.HostConfig.deployDirectory Deployment of web application directory [C:\Program Files\Apache Software Foundation\Tomcat 10.0\webapps\docs] has finished in [1,733] ms
01-Nov-2020 13:49:37.176 INFO [main] org.apache.catalina.startup.HostConfig.deployDirectory Deploying web application directory [C:\Program Files\Apache Software Foundation\Tomcat 10.0\webapps\examples]
01-Nov-2020 13:49:38.771 INFO [main] org.apache.catalina.startup.HostConfig.deployDirectory Deployment of web application directory [C:\Program Files\Apache Software Foundation\Tomcat 10.0\webapps\examples] has finished in [1,594] ms
01-Nov-2020 13:49:38.775 INFO [main] org.apache.catalina.startup.HostConfig.deployDirectory Deploying web application directory [C:\Program Files\Apache Software Foundation\Tomcat 10.0\webapps\host-manager]
01-Nov-2020 13:49:38.868 INFO [main] org.apache.catalina.startup.HostConfig.deployDirectory Deployment of web application directory [C:\Program Files\Apache Software Foundation\Tomcat 10.0\webapps\host-manager] has finished in [93] ms
01-Nov-2020 13:49:38.874 INFO [main] org.apache.catalina.startup.HostConfig.deployDirectory Deploying web application directory [C:\Program Files\Apache Software Foundation\Tomcat 10.0\webapps\manager]
01-Nov-2020 13:49:38.964 INFO [main] org.apache.catalina.startup.HostConfig.deployDirectory Deployment of web application directory [C:\Program Files\Apache Software Foundation\Tomcat 10.0\webapps\manager] has finished in [91] ms
01-Nov-2020 13:49:38.964 INFO [main] org.apache.catalina.startup.HostConfig.deployDirectory Deploying web application directory [C:\Program Files\Apache Software Foundation\Tomcat 10.0\webapps\ROOT]
01-Nov-2020 13:49:39.019 INFO [main] org.apache.catalina.startup.HostConfig.deployDirectory Deployment of web application directory [C:\Program Files\Apache Software Foundation\Tomcat 10.0\webapps\ROOT] has finished in [55] ms
01-Nov-2020 13:49:39.027 INFO [main] org.apache.coyote.AbstractProtocol.start Starting ProtocolHandler ["http-nio-8081"]
01-Nov-2020 13:49:39.057 INFO [main] org.apache.catalina.startup.Catalina.start Server startup in [3848] milliseconds
