[2020-10-15 18:12:16] [info]  [ 3500] Apache Commons Daemon procrun (1.2.2.0 64-bit) started.
[2020-10-15 18:12:18] [info]  [ 3500] Running Service 'Tomcat10'...
[2020-10-15 18:12:18] [info]  [ 5020] Starting service...
[2020-10-15 18:12:23] [info]  [ 5020] Service started in 4736 milliseconds.
[2020-10-15 18:20:35] [info]  [12100] Console SHUTDOWN event signaled.
[2020-10-15 18:20:35] [info]  [12100] Stopping service...
[2020-10-15 18:20:36] [info]  [12100] Service stop thread completed.
[2020-10-15 18:20:36] [info]  [ 3500] Run service finished.
[2020-10-15 18:20:36] [info]  [ 3500] Apache Commons Daemon procrun finished.
[2020-10-15 18:21:05] [info]  [ 4032] Apache Commons Daemon procrun (1.2.2.0 64-bit) started.
[2020-10-15 18:21:06] [info]  [ 4032] Running Service 'Tomcat10'...
[2020-10-15 18:21:06] [info]  [ 4804] Starting service...
[2020-10-15 18:21:10] [info]  [ 4804] Service started in 3797 milliseconds.
[2020-10-15 18:28:45] [info]  [ 9436] Console SHUTDOWN event signaled.
[2020-10-15 18:28:45] [info]  [ 9436] Stopping service...
[2020-10-15 18:28:46] [info]  [ 9436] Service stop thread completed.
[2020-10-15 18:28:46] [info]  [ 4032] Run service finished.
[2020-10-15 18:28:46] [info]  [ 4032] Apache Commons Daemon procrun finished.
[2020-10-15 18:29:21] [info]  [ 1132] Apache Commons Daemon procrun (1.2.2.0 64-bit) started.
[2020-10-15 18:29:21] [info]  [ 1132] Running Service 'Tomcat10'...
[2020-10-15 18:29:22] [info]  [ 4948] Starting service...
[2020-10-15 18:29:26] [info]  [ 4948] Service started in 3791 milliseconds.
[2020-10-15 22:32:32] [info]  [ 3256] Apache Commons Daemon procrun (1.2.2.0 64-bit) started.
[2020-10-15 22:32:33] [info]  [ 3256] Running Service 'Tomcat10'...
[2020-10-15 22:32:34] [info]  [ 5044] Starting service...
[2020-10-15 22:32:38] [info]  [ 5044] Service started in 3940 milliseconds.
[2020-10-16 14:43:14] [info]  [ 9720] Console SHUTDOWN event signaled.
[2020-10-16 14:43:14] [info]  [ 9720] Stopping service...
[2020-10-16 14:43:15] [info]  [ 9720] Service stop thread completed.
[2020-10-16 14:43:15] [info]  [ 3256] Run service finished.
[2020-10-16 14:43:15] [info]  [ 3256] Apache Commons Daemon procrun finished.
