
2020-10-15 18:12:18 Apache Commons Daemon procrun stderr initialized.
15-Oct-2020 18:12:25.880 INFO [main] org.apache.catalina.startup.VersionLoggerListener.log Server version name:   Apache Tomcat/10.0.0-M8
15-Oct-2020 18:12:26.053 INFO [main] org.apache.catalina.startup.VersionLoggerListener.log Server built:          Sep 9 2020 11:27:04 UTC
15-Oct-2020 18:12:26.053 INFO [main] org.apache.catalina.startup.VersionLoggerListener.log Server version number: 10.0.0.0
15-Oct-2020 18:12:26.053 INFO [main] org.apache.catalina.startup.VersionLoggerListener.log OS Name:               Windows 10
15-Oct-2020 18:12:26.081 INFO [main] org.apache.catalina.startup.VersionLoggerListener.log OS Version:            10.0
15-Oct-2020 18:12:26.081 INFO [main] org.apache.catalina.startup.VersionLoggerListener.log Architecture:          amd64
15-Oct-2020 18:12:26.081 INFO [main] org.apache.catalina.startup.VersionLoggerListener.log Java Home:             C:\Program Files\Java\jre1.8.0_161
15-Oct-2020 18:12:26.082 INFO [main] org.apache.catalina.startup.VersionLoggerListener.log JVM Version:           1.8.0_161-b12
15-Oct-2020 18:12:26.082 INFO [main] org.apache.catalina.startup.VersionLoggerListener.log JVM Vendor:            Oracle Corporation
15-Oct-2020 18:12:26.082 INFO [main] org.apache.catalina.startup.VersionLoggerListener.log CATALINA_BASE:         C:\Program Files\Apache Software Foundation\Tomcat 10.0
15-Oct-2020 18:12:26.082 INFO [main] org.apache.catalina.startup.VersionLoggerListener.log CATALINA_HOME:         C:\Program Files\Apache Software Foundation\Tomcat 10.0
15-Oct-2020 18:12:41.169 INFO [main] org.apache.catalina.startup.VersionLoggerListener.log Command line argument: -Dcatalina.home=C:\Program Files\Apache Software Foundation\Tomcat 10.0
15-Oct-2020 18:12:41.169 INFO [main] org.apache.catalina.startup.VersionLoggerListener.log Command line argument: -Dcatalina.base=C:\Program Files\Apache Software Foundation\Tomcat 10.0
15-Oct-2020 18:12:41.169 INFO [main] org.apache.catalina.startup.VersionLoggerListener.log Command line argument: -Djava.io.tmpdir=C:\Program Files\Apache Software Foundation\Tomcat 10.0\temp
15-Oct-2020 18:12:41.169 INFO [main] org.apache.catalina.startup.VersionLoggerListener.log Command line argument: -Djava.util.logging.manager=org.apache.juli.ClassLoaderLogManager
15-Oct-2020 18:12:41.170 INFO [main] org.apache.catalina.startup.VersionLoggerListener.log Command line argument: -Djava.util.logging.config.file=C:\Program Files\Apache Software Foundation\Tomcat 10.0\conf\logging.properties
15-Oct-2020 18:12:41.170 INFO [main] org.apache.catalina.startup.VersionLoggerListener.log Command line argument: exit
15-Oct-2020 18:12:41.170 INFO [main] org.apache.catalina.startup.VersionLoggerListener.log Command line argument: abort
15-Oct-2020 18:12:41.170 INFO [main] org.apache.catalina.startup.VersionLoggerListener.log Command line argument: -Xms128m
15-Oct-2020 18:12:41.170 INFO [main] org.apache.catalina.startup.VersionLoggerListener.log Command line argument: -Xmx256m
15-Oct-2020 18:12:41.599 INFO [main] org.apache.catalina.core.AprLifecycleListener.lifecycleEvent Loaded Apache Tomcat Native library [1.2.25] using APR version [1.7.0].
15-Oct-2020 18:12:41.599 INFO [main] org.apache.catalina.core.AprLifecycleListener.lifecycleEvent APR capabilities: IPv6 [true], sendfile [true], accept filters [false], random [true].
15-Oct-2020 18:12:41.657 INFO [main] org.apache.catalina.core.AprLifecycleListener.initializeSSL OpenSSL successfully initialized [OpenSSL 1.1.1g  21 Apr 2020]
15-Oct-2020 18:12:47.231 INFO [main] org.apache.coyote.AbstractProtocol.init Initializing ProtocolHandler ["http-nio-8081"]
15-Oct-2020 18:12:47.337 INFO [main] org.apache.catalina.startup.Catalina.load Server initialization in [24072] milliseconds
15-Oct-2020 18:12:47.422 INFO [main] org.apache.catalina.core.StandardService.startInternal Starting service [Catalina]
15-Oct-2020 18:12:47.423 INFO [main] org.apache.catalina.core.StandardEngine.startInternal Starting Servlet engine: [Apache Tomcat/10.0.0-M8]
15-Oct-2020 18:12:47.443 INFO [main] org.apache.catalina.startup.HostConfig.deployDirectory Deploying web application directory [C:\Program Files\Apache Software Foundation\Tomcat 10.0\webapps\docs]
15-Oct-2020 18:12:49.213 WARNING [main] org.apache.catalina.util.SessionIdGeneratorBase.createSecureRandom Creation of SecureRandom instance for session ID generation using [SHA1PRNG] took [1,060] milliseconds.
15-Oct-2020 18:12:49.281 INFO [main] org.apache.catalina.startup.HostConfig.deployDirectory Deployment of web application directory [C:\Program Files\Apache Software Foundation\Tomcat 10.0\webapps\docs] has finished in [1,838] ms
15-Oct-2020 18:12:49.282 INFO [main] org.apache.catalina.startup.HostConfig.deployDirectory Deploying web application directory [C:\Program Files\Apache Software Foundation\Tomcat 10.0\webapps\examples]
15-Oct-2020 18:12:51.131 INFO [main] org.apache.catalina.startup.HostConfig.deployDirectory Deployment of web application directory [C:\Program Files\Apache Software Foundation\Tomcat 10.0\webapps\examples] has finished in [1,849] ms
15-Oct-2020 18:12:51.153 INFO [main] org.apache.catalina.startup.HostConfig.deployDirectory Deploying web application directory [C:\Program Files\Apache Software Foundation\Tomcat 10.0\webapps\host-manager]
15-Oct-2020 18:12:51.466 INFO [main] org.apache.catalina.startup.HostConfig.deployDirectory Deployment of web application directory [C:\Program Files\Apache Software Foundation\Tomcat 10.0\webapps\host-manager] has finished in [314] ms
15-Oct-2020 18:12:51.467 INFO [main] org.apache.catalina.startup.HostConfig.deployDirectory Deploying web application directory [C:\Program Files\Apache Software Foundation\Tomcat 10.0\webapps\manager]
15-Oct-2020 18:12:51.620 INFO [main] org.apache.catalina.startup.HostConfig.deployDirectory Deployment of web application directory [C:\Program Files\Apache Software Foundation\Tomcat 10.0\webapps\manager] has finished in [153] ms
15-Oct-2020 18:12:51.628 INFO [main] org.apache.catalina.startup.HostConfig.deployDirectory Deploying web application directory [C:\Program Files\Apache Software Foundation\Tomcat 10.0\webapps\ROOT]
15-Oct-2020 18:12:51.727 INFO [main] org.apache.catalina.startup.HostConfig.deployDirectory Deployment of web application directory [C:\Program Files\Apache Software Foundation\Tomcat 10.0\webapps\ROOT] has finished in [99] ms
15-Oct-2020 18:12:51.734 INFO [main] org.apache.coyote.AbstractProtocol.start Starting ProtocolHandler ["http-nio-8081"]
15-Oct-2020 18:12:51.766 INFO [main] org.apache.catalina.startup.Catalina.start Server startup in [4429] milliseconds
15-Oct-2020 18:20:35.359 INFO [Thread-4] org.apache.coyote.AbstractProtocol.pause Pausing ProtocolHandler ["http-nio-8081"]
15-Oct-2020 18:20:35.733 INFO [Thread-4] org.apache.catalina.core.StandardService.stopInternal Stopping service [Catalina]
15-Oct-2020 18:20:35.780 INFO [Thread-4] org.apache.coyote.AbstractProtocol.stop Stopping ProtocolHandler ["http-nio-8081"]
15-Oct-2020 18:20:35.843 INFO [Thread-4] org.apache.coyote.AbstractProtocol.destroy Destroying ProtocolHandler ["http-nio-8081"]

2020-10-15 18:21:06 Apache Commons Daemon procrun stderr initialized.
15-Oct-2020 18:21:11.120 INFO [main] org.apache.catalina.startup.VersionLoggerListener.log Server version name:   Apache Tomcat/10.0.0-M8
15-Oct-2020 18:21:11.127 INFO [main] org.apache.catalina.startup.VersionLoggerListener.log Server built:          Sep 9 2020 11:27:04 UTC
15-Oct-2020 18:21:11.127 INFO [main] org.apache.catalina.startup.VersionLoggerListener.log Server version number: 10.0.0.0
15-Oct-2020 18:21:11.127 INFO [main] org.apache.catalina.startup.VersionLoggerListener.log OS Name:               Windows 10
15-Oct-2020 18:21:11.128 INFO [main] org.apache.catalina.startup.VersionLoggerListener.log OS Version:            10.0
15-Oct-2020 18:21:11.128 INFO [main] org.apache.catalina.startup.VersionLoggerListener.log Architecture:          amd64
15-Oct-2020 18:21:11.128 INFO [main] org.apache.catalina.startup.VersionLoggerListener.log Java Home:             C:\Program Files\Java\jre1.8.0_161
15-Oct-2020 18:21:11.128 INFO [main] org.apache.catalina.startup.VersionLoggerListener.log JVM Version:           1.8.0_161-b12
15-Oct-2020 18:21:11.128 INFO [main] org.apache.catalina.startup.VersionLoggerListener.log JVM Vendor:            Oracle Corporation
15-Oct-2020 18:21:11.128 INFO [main] org.apache.catalina.startup.VersionLoggerListener.log CATALINA_BASE:         C:\Program Files\Apache Software Foundation\Tomcat 10.0
15-Oct-2020 18:21:11.128 INFO [main] org.apache.catalina.startup.VersionLoggerListener.log CATALINA_HOME:         C:\Program Files\Apache Software Foundation\Tomcat 10.0
15-Oct-2020 18:21:11.135 INFO [main] org.apache.catalina.startup.VersionLoggerListener.log Command line argument: -Dcatalina.home=C:\Program Files\Apache Software Foundation\Tomcat 10.0
15-Oct-2020 18:21:11.135 INFO [main] org.apache.catalina.startup.VersionLoggerListener.log Command line argument: -Dcatalina.base=C:\Program Files\Apache Software Foundation\Tomcat 10.0
15-Oct-2020 18:21:11.135 INFO [main] org.apache.catalina.startup.VersionLoggerListener.log Command line argument: -Djava.io.tmpdir=C:\Program Files\Apache Software Foundation\Tomcat 10.0\temp
15-Oct-2020 18:21:11.135 INFO [main] org.apache.catalina.startup.VersionLoggerListener.log Command line argument: -Djava.util.logging.manager=org.apache.juli.ClassLoaderLogManager
15-Oct-2020 18:21:11.135 INFO [main] org.apache.catalina.startup.VersionLoggerListener.log Command line argument: -Djava.util.logging.config.file=C:\Program Files\Apache Software Foundation\Tomcat 10.0\conf\logging.properties
15-Oct-2020 18:21:11.135 INFO [main] org.apache.catalina.startup.VersionLoggerListener.log Command line argument: exit
15-Oct-2020 18:21:11.136 INFO [main] org.apache.catalina.startup.VersionLoggerListener.log Command line argument: abort
15-Oct-2020 18:21:11.136 INFO [main] org.apache.catalina.startup.VersionLoggerListener.log Command line argument: -Xms128m
15-Oct-2020 18:21:11.136 INFO [main] org.apache.catalina.startup.VersionLoggerListener.log Command line argument: -Xmx256m
15-Oct-2020 18:21:11.146 INFO [main] org.apache.catalina.core.AprLifecycleListener.lifecycleEvent Loaded Apache Tomcat Native library [1.2.25] using APR version [1.7.0].
15-Oct-2020 18:21:11.146 INFO [main] org.apache.catalina.core.AprLifecycleListener.lifecycleEvent APR capabilities: IPv6 [true], sendfile [true], accept filters [false], random [true].
15-Oct-2020 18:21:11.197 INFO [main] org.apache.catalina.core.AprLifecycleListener.initializeSSL OpenSSL successfully initialized [OpenSSL 1.1.1g  21 Apr 2020]
15-Oct-2020 18:21:15.657 INFO [main] org.apache.coyote.AbstractProtocol.init Initializing ProtocolHandler ["http-nio-8081"]
15-Oct-2020 18:21:15.762 INFO [main] org.apache.catalina.startup.Catalina.load Server initialization in [5604] milliseconds
15-Oct-2020 18:21:15.838 INFO [main] org.apache.catalina.core.StandardService.startInternal Starting service [Catalina]
15-Oct-2020 18:21:15.838 INFO [main] org.apache.catalina.core.StandardEngine.startInternal Starting Servlet engine: [Apache Tomcat/10.0.0-M8]
15-Oct-2020 18:21:15.858 INFO [main] org.apache.catalina.startup.HostConfig.deployDirectory Deploying web application directory [C:\Program Files\Apache Software Foundation\Tomcat 10.0\webapps\docs]
15-Oct-2020 18:21:18.585 WARNING [main] org.apache.catalina.util.SessionIdGeneratorBase.createSecureRandom Creation of SecureRandom instance for session ID generation using [SHA1PRNG] took [2,059] milliseconds.
15-Oct-2020 18:21:18.641 INFO [main] org.apache.catalina.startup.HostConfig.deployDirectory Deployment of web application directory [C:\Program Files\Apache Software Foundation\Tomcat 10.0\webapps\docs] has finished in [2,784] ms
15-Oct-2020 18:21:18.643 INFO [main] org.apache.catalina.startup.HostConfig.deployDirectory Deploying web application directory [C:\Program Files\Apache Software Foundation\Tomcat 10.0\webapps\examples]
15-Oct-2020 18:21:20.831 INFO [main] org.apache.catalina.startup.HostConfig.deployDirectory Deployment of web application directory [C:\Program Files\Apache Software Foundation\Tomcat 10.0\webapps\examples] has finished in [2,188] ms
15-Oct-2020 18:21:20.832 INFO [main] org.apache.catalina.startup.HostConfig.deployDirectory Deploying web application directory [C:\Program Files\Apache Software Foundation\Tomcat 10.0\webapps\host-manager]
15-Oct-2020 18:21:20.935 INFO [main] org.apache.catalina.startup.HostConfig.deployDirectory Deployment of web application directory [C:\Program Files\Apache Software Foundation\Tomcat 10.0\webapps\host-manager] has finished in [103] ms
15-Oct-2020 18:21:20.937 INFO [main] org.apache.catalina.startup.HostConfig.deployDirectory Deploying web application directory [C:\Program Files\Apache Software Foundation\Tomcat 10.0\webapps\manager]
15-Oct-2020 18:21:21.001 INFO [main] org.apache.catalina.startup.HostConfig.deployDirectory Deployment of web application directory [C:\Program Files\Apache Software Foundation\Tomcat 10.0\webapps\manager] has finished in [65] ms
15-Oct-2020 18:21:21.004 INFO [main] org.apache.catalina.startup.HostConfig.deployDirectory Deploying web application directory [C:\Program Files\Apache Software Foundation\Tomcat 10.0\webapps\ROOT]
15-Oct-2020 18:21:21.059 INFO [main] org.apache.catalina.startup.HostConfig.deployDirectory Deployment of web application directory [C:\Program Files\Apache Software Foundation\Tomcat 10.0\webapps\ROOT] has finished in [55] ms
15-Oct-2020 18:21:21.065 INFO [main] org.apache.coyote.AbstractProtocol.start Starting ProtocolHandler ["http-nio-8081"]
15-Oct-2020 18:21:21.111 INFO [main] org.apache.catalina.startup.Catalina.start Server startup in [5348] milliseconds
15-Oct-2020 18:28:45.225 INFO [Thread-4] org.apache.coyote.AbstractProtocol.pause Pausing ProtocolHandler ["http-nio-8081"]
15-Oct-2020 18:28:45.607 INFO [Thread-4] org.apache.catalina.core.StandardService.stopInternal Stopping service [Catalina]
15-Oct-2020 18:28:45.654 INFO [Thread-4] org.apache.coyote.AbstractProtocol.stop Stopping ProtocolHandler ["http-nio-8081"]
15-Oct-2020 18:28:45.717 INFO [Thread-4] org.apache.coyote.AbstractProtocol.destroy Destroying ProtocolHandler ["http-nio-8081"]

2020-10-15 18:29:21 Apache Commons Daemon procrun stderr initialized.
15-Oct-2020 18:29:27.105 INFO [main] org.apache.catalina.startup.VersionLoggerListener.log Server version name:   Apache Tomcat/10.0.0-M8
15-Oct-2020 18:29:27.109 INFO [main] org.apache.catalina.startup.VersionLoggerListener.log Server built:          Sep 9 2020 11:27:04 UTC
15-Oct-2020 18:29:27.109 INFO [main] org.apache.catalina.startup.VersionLoggerListener.log Server version number: 10.0.0.0
15-Oct-2020 18:29:27.109 INFO [main] org.apache.catalina.startup.VersionLoggerListener.log OS Name:               Windows 10
15-Oct-2020 18:29:27.109 INFO [main] org.apache.catalina.startup.VersionLoggerListener.log OS Version:            10.0
15-Oct-2020 18:29:27.109 INFO [main] org.apache.catalina.startup.VersionLoggerListener.log Architecture:          amd64
15-Oct-2020 18:29:27.109 INFO [main] org.apache.catalina.startup.VersionLoggerListener.log Java Home:             C:\Program Files\Java\jre1.8.0_161
15-Oct-2020 18:29:27.109 INFO [main] org.apache.catalina.startup.VersionLoggerListener.log JVM Version:           1.8.0_161-b12
15-Oct-2020 18:29:27.110 INFO [main] org.apache.catalina.startup.VersionLoggerListener.log JVM Vendor:            Oracle Corporation
15-Oct-2020 18:29:27.110 INFO [main] org.apache.catalina.startup.VersionLoggerListener.log CATALINA_BASE:         C:\Program Files\Apache Software Foundation\Tomcat 10.0
15-Oct-2020 18:29:27.110 INFO [main] org.apache.catalina.startup.VersionLoggerListener.log CATALINA_HOME:         C:\Program Files\Apache Software Foundation\Tomcat 10.0
15-Oct-2020 18:29:27.113 INFO [main] org.apache.catalina.startup.VersionLoggerListener.log Command line argument: -Dcatalina.home=C:\Program Files\Apache Software Foundation\Tomcat 10.0
15-Oct-2020 18:29:27.113 INFO [main] org.apache.catalina.startup.VersionLoggerListener.log Command line argument: -Dcatalina.base=C:\Program Files\Apache Software Foundation\Tomcat 10.0
15-Oct-2020 18:29:27.113 INFO [main] org.apache.catalina.startup.VersionLoggerListener.log Command line argument: -Djava.io.tmpdir=C:\Program Files\Apache Software Foundation\Tomcat 10.0\temp
15-Oct-2020 18:29:27.114 INFO [main] org.apache.catalina.startup.VersionLoggerListener.log Command line argument: -Djava.util.logging.manager=org.apache.juli.ClassLoaderLogManager
15-Oct-2020 18:29:27.114 INFO [main] org.apache.catalina.startup.VersionLoggerListener.log Command line argument: -Djava.util.logging.config.file=C:\Program Files\Apache Software Foundation\Tomcat 10.0\conf\logging.properties
15-Oct-2020 18:29:27.114 INFO [main] org.apache.catalina.startup.VersionLoggerListener.log Command line argument: exit
15-Oct-2020 18:29:27.114 INFO [main] org.apache.catalina.startup.VersionLoggerListener.log Command line argument: abort
15-Oct-2020 18:29:27.114 INFO [main] org.apache.catalina.startup.VersionLoggerListener.log Command line argument: -Xms128m
15-Oct-2020 18:29:27.114 INFO [main] org.apache.catalina.startup.VersionLoggerListener.log Command line argument: -Xmx256m
15-Oct-2020 18:29:27.122 INFO [main] org.apache.catalina.core.AprLifecycleListener.lifecycleEvent Loaded Apache Tomcat Native library [1.2.25] using APR version [1.7.0].
15-Oct-2020 18:29:27.122 INFO [main] org.apache.catalina.core.AprLifecycleListener.lifecycleEvent APR capabilities: IPv6 [true], sendfile [true], accept filters [false], random [true].
15-Oct-2020 18:29:27.145 INFO [main] org.apache.catalina.core.AprLifecycleListener.initializeSSL OpenSSL successfully initialized [OpenSSL 1.1.1g  21 Apr 2020]
15-Oct-2020 18:29:30.393 INFO [main] org.apache.coyote.AbstractProtocol.init Initializing ProtocolHandler ["http-nio-8081"]
15-Oct-2020 18:29:30.440 INFO [main] org.apache.catalina.startup.Catalina.load Server initialization in [4288] milliseconds
15-Oct-2020 18:29:30.527 INFO [main] org.apache.catalina.core.StandardService.startInternal Starting service [Catalina]
15-Oct-2020 18:29:30.527 INFO [main] org.apache.catalina.core.StandardEngine.startInternal Starting Servlet engine: [Apache Tomcat/10.0.0-M8]
15-Oct-2020 18:29:30.548 INFO [main] org.apache.catalina.startup.HostConfig.deployDirectory Deploying web application directory [C:\Program Files\Apache Software Foundation\Tomcat 10.0\webapps\docs]
15-Oct-2020 18:29:32.325 WARNING [main] org.apache.catalina.util.SessionIdGeneratorBase.createSecureRandom Creation of SecureRandom instance for session ID generation using [SHA1PRNG] took [934] milliseconds.
15-Oct-2020 18:29:32.408 INFO [main] org.apache.catalina.startup.HostConfig.deployDirectory Deployment of web application directory [C:\Program Files\Apache Software Foundation\Tomcat 10.0\webapps\docs] has finished in [1,860] ms
15-Oct-2020 18:29:32.420 INFO [main] org.apache.catalina.startup.HostConfig.deployDirectory Deploying web application directory [C:\Program Files\Apache Software Foundation\Tomcat 10.0\webapps\examples]
15-Oct-2020 18:29:34.492 INFO [main] org.apache.catalina.startup.HostConfig.deployDirectory Deployment of web application directory [C:\Program Files\Apache Software Foundation\Tomcat 10.0\webapps\examples] has finished in [2,073] ms
15-Oct-2020 18:29:34.493 INFO [main] org.apache.catalina.startup.HostConfig.deployDirectory Deploying web application directory [C:\Program Files\Apache Software Foundation\Tomcat 10.0\webapps\host-manager]
15-Oct-2020 18:29:34.714 INFO [main] org.apache.catalina.startup.HostConfig.deployDirectory Deployment of web application directory [C:\Program Files\Apache Software Foundation\Tomcat 10.0\webapps\host-manager] has finished in [221] ms
15-Oct-2020 18:29:34.715 INFO [main] org.apache.catalina.startup.HostConfig.deployDirectory Deploying web application directory [C:\Program Files\Apache Software Foundation\Tomcat 10.0\webapps\manager]
15-Oct-2020 18:29:34.792 INFO [main] org.apache.catalina.startup.HostConfig.deployDirectory Deployment of web application directory [C:\Program Files\Apache Software Foundation\Tomcat 10.0\webapps\manager] has finished in [77] ms
15-Oct-2020 18:29:34.792 INFO [main] org.apache.catalina.startup.HostConfig.deployDirectory Deploying web application directory [C:\Program Files\Apache Software Foundation\Tomcat 10.0\webapps\ROOT]
15-Oct-2020 18:29:34.967 INFO [main] org.apache.catalina.startup.HostConfig.deployDirectory Deployment of web application directory [C:\Program Files\Apache Software Foundation\Tomcat 10.0\webapps\ROOT] has finished in [174] ms
15-Oct-2020 18:29:34.976 INFO [main] org.apache.coyote.AbstractProtocol.start Starting ProtocolHandler ["http-nio-8081"]
15-Oct-2020 18:29:35.018 INFO [main] org.apache.catalina.startup.Catalina.start Server startup in [4576] milliseconds

2020-10-15 22:32:33 Apache Commons Daemon procrun stderr initialized.
15-Oct-2020 22:32:39.582 INFO [main] org.apache.catalina.startup.VersionLoggerListener.log Server version name:   Apache Tomcat/10.0.0-M8
15-Oct-2020 22:32:39.590 INFO [main] org.apache.catalina.startup.VersionLoggerListener.log Server built:          Sep 9 2020 11:27:04 UTC
15-Oct-2020 22:32:39.591 INFO [main] org.apache.catalina.startup.VersionLoggerListener.log Server version number: 10.0.0.0
15-Oct-2020 22:32:39.591 INFO [main] org.apache.catalina.startup.VersionLoggerListener.log OS Name:               Windows 10
15-Oct-2020 22:32:39.591 INFO [main] org.apache.catalina.startup.VersionLoggerListener.log OS Version:            10.0
15-Oct-2020 22:32:39.591 INFO [main] org.apache.catalina.startup.VersionLoggerListener.log Architecture:          amd64
15-Oct-2020 22:32:39.591 INFO [main] org.apache.catalina.startup.VersionLoggerListener.log Java Home:             C:\Program Files\Java\jre1.8.0_161
15-Oct-2020 22:32:39.591 INFO [main] org.apache.catalina.startup.VersionLoggerListener.log JVM Version:           1.8.0_161-b12
15-Oct-2020 22:32:39.592 INFO [main] org.apache.catalina.startup.VersionLoggerListener.log JVM Vendor:            Oracle Corporation
15-Oct-2020 22:32:39.592 INFO [main] org.apache.catalina.startup.VersionLoggerListener.log CATALINA_BASE:         C:\Program Files\Apache Software Foundation\Tomcat 10.0
15-Oct-2020 22:32:39.592 INFO [main] org.apache.catalina.startup.VersionLoggerListener.log CATALINA_HOME:         C:\Program Files\Apache Software Foundation\Tomcat 10.0
15-Oct-2020 22:32:40.518 INFO [main] org.apache.catalina.startup.VersionLoggerListener.log Command line argument: -Dcatalina.home=C:\Program Files\Apache Software Foundation\Tomcat 10.0
15-Oct-2020 22:32:40.518 INFO [main] org.apache.catalina.startup.VersionLoggerListener.log Command line argument: -Dcatalina.base=C:\Program Files\Apache Software Foundation\Tomcat 10.0
15-Oct-2020 22:32:40.518 INFO [main] org.apache.catalina.startup.VersionLoggerListener.log Command line argument: -Djava.io.tmpdir=C:\Program Files\Apache Software Foundation\Tomcat 10.0\temp
15-Oct-2020 22:32:40.518 INFO [main] org.apache.catalina.startup.VersionLoggerListener.log Command line argument: -Djava.util.logging.manager=org.apache.juli.ClassLoaderLogManager
15-Oct-2020 22:32:40.519 INFO [main] org.apache.catalina.startup.VersionLoggerListener.log Command line argument: -Djava.util.logging.config.file=C:\Program Files\Apache Software Foundation\Tomcat 10.0\conf\logging.properties
15-Oct-2020 22:32:40.519 INFO [main] org.apache.catalina.startup.VersionLoggerListener.log Command line argument: exit
15-Oct-2020 22:32:40.519 INFO [main] org.apache.catalina.startup.VersionLoggerListener.log Command line argument: abort
15-Oct-2020 22:32:40.519 INFO [main] org.apache.catalina.startup.VersionLoggerListener.log Command line argument: -Xms128m
15-Oct-2020 22:32:40.519 INFO [main] org.apache.catalina.startup.VersionLoggerListener.log Command line argument: -Xmx256m
15-Oct-2020 22:32:40.737 INFO [main] org.apache.catalina.core.AprLifecycleListener.lifecycleEvent Loaded Apache Tomcat Native library [1.2.25] using APR version [1.7.0].
15-Oct-2020 22:32:40.737 INFO [main] org.apache.catalina.core.AprLifecycleListener.lifecycleEvent APR capabilities: IPv6 [true], sendfile [true], accept filters [false], random [true].
15-Oct-2020 22:32:40.776 INFO [main] org.apache.catalina.core.AprLifecycleListener.initializeSSL OpenSSL successfully initialized [OpenSSL 1.1.1g  21 Apr 2020]
15-Oct-2020 22:32:42.931 INFO [main] org.apache.coyote.AbstractProtocol.init Initializing ProtocolHandler ["http-nio-8081"]
15-Oct-2020 22:32:43.047 INFO [main] org.apache.catalina.startup.Catalina.load Server initialization in [5231] milliseconds
15-Oct-2020 22:32:43.233 INFO [main] org.apache.catalina.core.StandardService.startInternal Starting service [Catalina]
15-Oct-2020 22:32:43.234 INFO [main] org.apache.catalina.core.StandardEngine.startInternal Starting Servlet engine: [Apache Tomcat/10.0.0-M8]
15-Oct-2020 22:32:43.278 INFO [main] org.apache.catalina.startup.HostConfig.deployDirectory Deploying web application directory [C:\Program Files\Apache Software Foundation\Tomcat 10.0\webapps\docs]
15-Oct-2020 22:32:46.666 WARNING [main] org.apache.catalina.util.SessionIdGeneratorBase.createSecureRandom Creation of SecureRandom instance for session ID generation using [SHA1PRNG] took [2,304] milliseconds.
15-Oct-2020 22:32:46.758 INFO [main] org.apache.catalina.startup.HostConfig.deployDirectory Deployment of web application directory [C:\Program Files\Apache Software Foundation\Tomcat 10.0\webapps\docs] has finished in [3,478] ms
15-Oct-2020 22:32:46.760 INFO [main] org.apache.catalina.startup.HostConfig.deployDirectory Deploying web application directory [C:\Program Files\Apache Software Foundation\Tomcat 10.0\webapps\examples]
15-Oct-2020 22:32:49.175 INFO [main] org.apache.catalina.startup.HostConfig.deployDirectory Deployment of web application directory [C:\Program Files\Apache Software Foundation\Tomcat 10.0\webapps\examples] has finished in [2,414] ms
15-Oct-2020 22:32:49.175 INFO [main] org.apache.catalina.startup.HostConfig.deployDirectory Deploying web application directory [C:\Program Files\Apache Software Foundation\Tomcat 10.0\webapps\host-manager]
15-Oct-2020 22:32:49.557 INFO [main] org.apache.catalina.startup.HostConfig.deployDirectory Deployment of web application directory [C:\Program Files\Apache Software Foundation\Tomcat 10.0\webapps\host-manager] has finished in [381] ms
15-Oct-2020 22:32:49.557 INFO [main] org.apache.catalina.startup.HostConfig.deployDirectory Deploying web application directory [C:\Program Files\Apache Software Foundation\Tomcat 10.0\webapps\manager]
15-Oct-2020 22:32:49.753 INFO [main] org.apache.catalina.startup.HostConfig.deployDirectory Deployment of web application directory [C:\Program Files\Apache Software Foundation\Tomcat 10.0\webapps\manager] has finished in [196] ms
15-Oct-2020 22:32:49.753 INFO [main] org.apache.catalina.startup.HostConfig.deployDirectory Deploying web application directory [C:\Program Files\Apache Software Foundation\Tomcat 10.0\webapps\ROOT]
15-Oct-2020 22:32:49.815 INFO [main] org.apache.catalina.startup.HostConfig.deployDirectory Deployment of web application directory [C:\Program Files\Apache Software Foundation\Tomcat 10.0\webapps\ROOT] has finished in [62] ms
15-Oct-2020 22:32:49.820 INFO [main] org.apache.coyote.AbstractProtocol.start Starting ProtocolHandler ["http-nio-8081"]
15-Oct-2020 22:32:49.907 INFO [main] org.apache.catalina.startup.Catalina.start Server startup in [6859] milliseconds
16-Oct-2020 14:43:14.159 INFO [Thread-4] org.apache.coyote.AbstractProtocol.pause Pausing ProtocolHandler ["http-nio-8081"]
16-Oct-2020 14:43:14.596 INFO [Thread-4] org.apache.catalina.core.StandardService.stopInternal Stopping service [Catalina]
16-Oct-2020 14:43:14.690 INFO [Thread-4] org.apache.coyote.AbstractProtocol.stop Stopping ProtocolHandler ["http-nio-8081"]
16-Oct-2020 14:43:14.721 INFO [Thread-4] org.apache.coyote.AbstractProtocol.destroy Destroying ProtocolHandler ["http-nio-8081"]
