
2020-12-11 14:19:09 Apache Commons Daemon procrun stderr initialized.
11-Dec-2020 14:19:15.558 INFO [main] org.apache.catalina.startup.VersionLoggerListener.log Server version name:   Apache Tomcat/10.0.0-M8
11-Dec-2020 14:19:15.562 INFO [main] org.apache.catalina.startup.VersionLoggerListener.log Server built:          Sep 9 2020 11:27:04 UTC
11-Dec-2020 14:19:15.562 INFO [main] org.apache.catalina.startup.VersionLoggerListener.log Server version number: 10.0.0.0
11-Dec-2020 14:19:15.563 INFO [main] org.apache.catalina.startup.VersionLoggerListener.log OS Name:               Windows 10
11-Dec-2020 14:19:15.568 INFO [main] org.apache.catalina.startup.VersionLoggerListener.log OS Version:            10.0
11-Dec-2020 14:19:15.568 INFO [main] org.apache.catalina.startup.VersionLoggerListener.log Architecture:          amd64
11-Dec-2020 14:19:15.568 INFO [main] org.apache.catalina.startup.VersionLoggerListener.log Java Home:             C:\Program Files\Java\jre1.8.0_161
11-Dec-2020 14:19:15.568 INFO [main] org.apache.catalina.startup.VersionLoggerListener.log JVM Version:           1.8.0_161-b12
11-Dec-2020 14:19:15.568 INFO [main] org.apache.catalina.startup.VersionLoggerListener.log JVM Vendor:            Oracle Corporation
11-Dec-2020 14:19:15.568 INFO [main] org.apache.catalina.startup.VersionLoggerListener.log CATALINA_BASE:         C:\Program Files\Apache Software Foundation\Tomcat 10.0
11-Dec-2020 14:19:15.569 INFO [main] org.apache.catalina.startup.VersionLoggerListener.log CATALINA_HOME:         C:\Program Files\Apache Software Foundation\Tomcat 10.0
11-Dec-2020 14:19:15.569 INFO [main] org.apache.catalina.startup.VersionLoggerListener.log Command line argument: -Dcatalina.home=C:\Program Files\Apache Software Foundation\Tomcat 10.0
11-Dec-2020 14:19:15.569 INFO [main] org.apache.catalina.startup.VersionLoggerListener.log Command line argument: -Dcatalina.base=C:\Program Files\Apache Software Foundation\Tomcat 10.0
11-Dec-2020 14:19:15.570 INFO [main] org.apache.catalina.startup.VersionLoggerListener.log Command line argument: -Djava.io.tmpdir=C:\Program Files\Apache Software Foundation\Tomcat 10.0\temp
11-Dec-2020 14:19:15.570 INFO [main] org.apache.catalina.startup.VersionLoggerListener.log Command line argument: -Djava.util.logging.manager=org.apache.juli.ClassLoaderLogManager
11-Dec-2020 14:19:15.570 INFO [main] org.apache.catalina.startup.VersionLoggerListener.log Command line argument: -Djava.util.logging.config.file=C:\Program Files\Apache Software Foundation\Tomcat 10.0\conf\logging.properties
11-Dec-2020 14:19:15.570 INFO [main] org.apache.catalina.startup.VersionLoggerListener.log Command line argument: exit
11-Dec-2020 14:19:15.570 INFO [main] org.apache.catalina.startup.VersionLoggerListener.log Command line argument: abort
11-Dec-2020 14:19:15.570 INFO [main] org.apache.catalina.startup.VersionLoggerListener.log Command line argument: -Xms128m
11-Dec-2020 14:19:15.570 INFO [main] org.apache.catalina.startup.VersionLoggerListener.log Command line argument: -Xmx256m
11-Dec-2020 14:19:15.581 INFO [main] org.apache.catalina.core.AprLifecycleListener.lifecycleEvent Loaded Apache Tomcat Native library [1.2.25] using APR version [1.7.0].
11-Dec-2020 14:19:15.581 INFO [main] org.apache.catalina.core.AprLifecycleListener.lifecycleEvent APR capabilities: IPv6 [true], sendfile [true], accept filters [false], random [true].
11-Dec-2020 14:19:15.640 INFO [main] org.apache.catalina.core.AprLifecycleListener.initializeSSL OpenSSL successfully initialized [OpenSSL 1.1.1g  21 Apr 2020]
11-Dec-2020 14:19:20.287 INFO [main] org.apache.coyote.AbstractProtocol.init Initializing ProtocolHandler ["http-nio-8081"]
11-Dec-2020 14:19:20.389 INFO [main] org.apache.catalina.startup.Catalina.load Server initialization in [6061] milliseconds
11-Dec-2020 14:19:20.493 INFO [main] org.apache.catalina.core.StandardService.startInternal Starting service [Catalina]
11-Dec-2020 14:19:20.493 INFO [main] org.apache.catalina.core.StandardEngine.startInternal Starting Servlet engine: [Apache Tomcat/10.0.0-M8]
11-Dec-2020 14:19:20.523 INFO [main] org.apache.catalina.startup.HostConfig.deployDirectory Deploying web application directory [C:\Program Files\Apache Software Foundation\Tomcat 10.0\webapps\docs]
11-Dec-2020 14:19:23.272 WARNING [main] org.apache.catalina.util.SessionIdGeneratorBase.createSecureRandom Creation of SecureRandom instance for session ID generation using [SHA1PRNG] took [1,926] milliseconds.
11-Dec-2020 14:19:23.411 INFO [main] org.apache.catalina.startup.HostConfig.deployDirectory Deployment of web application directory [C:\Program Files\Apache Software Foundation\Tomcat 10.0\webapps\docs] has finished in [2,886] ms
11-Dec-2020 14:19:23.413 INFO [main] org.apache.catalina.startup.HostConfig.deployDirectory Deploying web application directory [C:\Program Files\Apache Software Foundation\Tomcat 10.0\webapps\examples]
11-Dec-2020 14:19:25.545 INFO [main] org.apache.catalina.startup.HostConfig.deployDirectory Deployment of web application directory [C:\Program Files\Apache Software Foundation\Tomcat 10.0\webapps\examples] has finished in [2,132] ms
11-Dec-2020 14:19:25.546 INFO [main] org.apache.catalina.startup.HostConfig.deployDirectory Deploying web application directory [C:\Program Files\Apache Software Foundation\Tomcat 10.0\webapps\host-manager]
11-Dec-2020 14:19:25.849 INFO [main] org.apache.catalina.startup.HostConfig.deployDirectory Deployment of web application directory [C:\Program Files\Apache Software Foundation\Tomcat 10.0\webapps\host-manager] has finished in [303] ms
11-Dec-2020 14:19:25.850 INFO [main] org.apache.catalina.startup.HostConfig.deployDirectory Deploying web application directory [C:\Program Files\Apache Software Foundation\Tomcat 10.0\webapps\manager]
11-Dec-2020 14:19:25.956 INFO [main] org.apache.catalina.startup.HostConfig.deployDirectory Deployment of web application directory [C:\Program Files\Apache Software Foundation\Tomcat 10.0\webapps\manager] has finished in [105] ms
11-Dec-2020 14:19:25.957 INFO [main] org.apache.catalina.startup.HostConfig.deployDirectory Deploying web application directory [C:\Program Files\Apache Software Foundation\Tomcat 10.0\webapps\ROOT]
11-Dec-2020 14:19:26.057 INFO [main] org.apache.catalina.startup.HostConfig.deployDirectory Deployment of web application directory [C:\Program Files\Apache Software Foundation\Tomcat 10.0\webapps\ROOT] has finished in [99] ms
11-Dec-2020 14:19:26.064 INFO [main] org.apache.coyote.AbstractProtocol.start Starting ProtocolHandler ["http-nio-8081"]
11-Dec-2020 14:19:26.137 INFO [main] org.apache.catalina.startup.Catalina.start Server startup in [5747] milliseconds

2020-12-11 15:08:45 Apache Commons Daemon procrun stderr initialized.
11-Dec-2020 15:08:52.573 INFO [main] org.apache.catalina.startup.VersionLoggerListener.log Server version name:   Apache Tomcat/10.0.0-M8
11-Dec-2020 15:08:52.611 INFO [main] org.apache.catalina.startup.VersionLoggerListener.log Server built:          Sep 9 2020 11:27:04 UTC
11-Dec-2020 15:08:52.611 INFO [main] org.apache.catalina.startup.VersionLoggerListener.log Server version number: 10.0.0.0
11-Dec-2020 15:08:52.611 INFO [main] org.apache.catalina.startup.VersionLoggerListener.log OS Name:               Windows 10
11-Dec-2020 15:08:52.611 INFO [main] org.apache.catalina.startup.VersionLoggerListener.log OS Version:            10.0
11-Dec-2020 15:08:52.612 INFO [main] org.apache.catalina.startup.VersionLoggerListener.log Architecture:          amd64
11-Dec-2020 15:08:52.612 INFO [main] org.apache.catalina.startup.VersionLoggerListener.log Java Home:             C:\Program Files\Java\jre1.8.0_161
11-Dec-2020 15:08:52.612 INFO [main] org.apache.catalina.startup.VersionLoggerListener.log JVM Version:           1.8.0_161-b12
11-Dec-2020 15:08:52.612 INFO [main] org.apache.catalina.startup.VersionLoggerListener.log JVM Vendor:            Oracle Corporation
11-Dec-2020 15:08:52.612 INFO [main] org.apache.catalina.startup.VersionLoggerListener.log CATALINA_BASE:         C:\Program Files\Apache Software Foundation\Tomcat 10.0
11-Dec-2020 15:08:52.612 INFO [main] org.apache.catalina.startup.VersionLoggerListener.log CATALINA_HOME:         C:\Program Files\Apache Software Foundation\Tomcat 10.0
11-Dec-2020 15:08:52.623 INFO [main] org.apache.catalina.startup.VersionLoggerListener.log Command line argument: -Dcatalina.home=C:\Program Files\Apache Software Foundation\Tomcat 10.0
11-Dec-2020 15:08:52.624 INFO [main] org.apache.catalina.startup.VersionLoggerListener.log Command line argument: -Dcatalina.base=C:\Program Files\Apache Software Foundation\Tomcat 10.0
11-Dec-2020 15:08:52.624 INFO [main] org.apache.catalina.startup.VersionLoggerListener.log Command line argument: -Djava.io.tmpdir=C:\Program Files\Apache Software Foundation\Tomcat 10.0\temp
11-Dec-2020 15:08:52.624 INFO [main] org.apache.catalina.startup.VersionLoggerListener.log Command line argument: -Djava.util.logging.manager=org.apache.juli.ClassLoaderLogManager
11-Dec-2020 15:08:52.624 INFO [main] org.apache.catalina.startup.VersionLoggerListener.log Command line argument: -Djava.util.logging.config.file=C:\Program Files\Apache Software Foundation\Tomcat 10.0\conf\logging.properties
11-Dec-2020 15:08:52.624 INFO [main] org.apache.catalina.startup.VersionLoggerListener.log Command line argument: exit
11-Dec-2020 15:08:52.625 INFO [main] org.apache.catalina.startup.VersionLoggerListener.log Command line argument: abort
11-Dec-2020 15:08:52.625 INFO [main] org.apache.catalina.startup.VersionLoggerListener.log Command line argument: -Xms128m
11-Dec-2020 15:08:52.625 INFO [main] org.apache.catalina.startup.VersionLoggerListener.log Command line argument: -Xmx256m
11-Dec-2020 15:08:52.639 INFO [main] org.apache.catalina.core.AprLifecycleListener.lifecycleEvent Loaded Apache Tomcat Native library [1.2.25] using APR version [1.7.0].
11-Dec-2020 15:08:52.639 INFO [main] org.apache.catalina.core.AprLifecycleListener.lifecycleEvent APR capabilities: IPv6 [true], sendfile [true], accept filters [false], random [true].
11-Dec-2020 15:08:52.671 INFO [main] org.apache.catalina.core.AprLifecycleListener.initializeSSL OpenSSL successfully initialized [OpenSSL 1.1.1g  21 Apr 2020]
11-Dec-2020 15:08:59.437 INFO [main] org.apache.coyote.AbstractProtocol.init Initializing ProtocolHandler ["http-nio-8081"]
11-Dec-2020 15:08:59.577 INFO [main] org.apache.catalina.startup.Catalina.load Server initialization in [8508] milliseconds
11-Dec-2020 15:08:59.710 INFO [main] org.apache.catalina.core.StandardService.startInternal Starting service [Catalina]
11-Dec-2020 15:08:59.710 INFO [main] org.apache.catalina.core.StandardEngine.startInternal Starting Servlet engine: [Apache Tomcat/10.0.0-M8]
11-Dec-2020 15:08:59.726 INFO [main] org.apache.catalina.startup.HostConfig.deployDirectory Deploying web application directory [C:\Program Files\Apache Software Foundation\Tomcat 10.0\webapps\docs]
11-Dec-2020 15:09:03.126 WARNING [main] org.apache.catalina.util.SessionIdGeneratorBase.createSecureRandom Creation of SecureRandom instance for session ID generation using [SHA1PRNG] took [2,227] milliseconds.
11-Dec-2020 15:09:03.179 INFO [main] org.apache.catalina.startup.HostConfig.deployDirectory Deployment of web application directory [C:\Program Files\Apache Software Foundation\Tomcat 10.0\webapps\docs] has finished in [3,453] ms
11-Dec-2020 15:09:03.180 INFO [main] org.apache.catalina.startup.HostConfig.deployDirectory Deploying web application directory [C:\Program Files\Apache Software Foundation\Tomcat 10.0\webapps\examples]
11-Dec-2020 15:09:04.701 INFO [main] org.apache.catalina.startup.HostConfig.deployDirectory Deployment of web application directory [C:\Program Files\Apache Software Foundation\Tomcat 10.0\webapps\examples] has finished in [1,520] ms
11-Dec-2020 15:09:04.702 INFO [main] org.apache.catalina.startup.HostConfig.deployDirectory Deploying web application directory [C:\Program Files\Apache Software Foundation\Tomcat 10.0\webapps\host-manager]
11-Dec-2020 15:09:04.883 INFO [main] org.apache.catalina.startup.HostConfig.deployDirectory Deployment of web application directory [C:\Program Files\Apache Software Foundation\Tomcat 10.0\webapps\host-manager] has finished in [181] ms
11-Dec-2020 15:09:04.884 INFO [main] org.apache.catalina.startup.HostConfig.deployDirectory Deploying web application directory [C:\Program Files\Apache Software Foundation\Tomcat 10.0\webapps\manager]
11-Dec-2020 15:09:04.993 INFO [main] org.apache.catalina.startup.HostConfig.deployDirectory Deployment of web application directory [C:\Program Files\Apache Software Foundation\Tomcat 10.0\webapps\manager] has finished in [109] ms
11-Dec-2020 15:09:04.997 INFO [main] org.apache.catalina.startup.HostConfig.deployDirectory Deploying web application directory [C:\Program Files\Apache Software Foundation\Tomcat 10.0\webapps\ROOT]
11-Dec-2020 15:09:05.062 INFO [main] org.apache.catalina.startup.HostConfig.deployDirectory Deployment of web application directory [C:\Program Files\Apache Software Foundation\Tomcat 10.0\webapps\ROOT] has finished in [64] ms
11-Dec-2020 15:09:05.120 INFO [main] org.apache.coyote.AbstractProtocol.start Starting ProtocolHandler ["http-nio-8081"]
11-Dec-2020 15:09:05.246 INFO [main] org.apache.catalina.startup.Catalina.start Server startup in [5668] milliseconds
13-Dec-2020 20:08:34.085 INFO [Thread-4] org.apache.coyote.AbstractProtocol.pause Pausing ProtocolHandler ["http-nio-8081"]
13-Dec-2020 20:08:34.664 INFO [Thread-4] org.apache.catalina.core.StandardService.stopInternal Stopping service [Catalina]
13-Dec-2020 20:08:34.773 INFO [Thread-4] org.apache.coyote.AbstractProtocol.stop Stopping ProtocolHandler ["http-nio-8081"]
13-Dec-2020 20:08:34.789 INFO [Thread-4] org.apache.coyote.AbstractProtocol.destroy Destroying ProtocolHandler ["http-nio-8081"]
