
2020-12-22 21:54:00 Apache Commons Daemon procrun stderr initialized.
22-Dec-2020 21:54:06.061 INFO [main] org.apache.catalina.startup.VersionLoggerListener.log Server version name:   Apache Tomcat/10.0.0-M8
22-Dec-2020 21:54:06.070 INFO [main] org.apache.catalina.startup.VersionLoggerListener.log Server built:          Sep 9 2020 11:27:04 UTC
22-Dec-2020 21:54:06.070 INFO [main] org.apache.catalina.startup.VersionLoggerListener.log Server version number: 10.0.0.0
22-Dec-2020 21:54:06.070 INFO [main] org.apache.catalina.startup.VersionLoggerListener.log OS Name:               Windows 10
22-Dec-2020 21:54:06.071 INFO [main] org.apache.catalina.startup.VersionLoggerListener.log OS Version:            10.0
22-Dec-2020 21:54:06.071 INFO [main] org.apache.catalina.startup.VersionLoggerListener.log Architecture:          amd64
22-Dec-2020 21:54:06.071 INFO [main] org.apache.catalina.startup.VersionLoggerListener.log Java Home:             C:\Program Files\Java\jre1.8.0_161
22-Dec-2020 21:54:06.071 INFO [main] org.apache.catalina.startup.VersionLoggerListener.log JVM Version:           1.8.0_161-b12
22-Dec-2020 21:54:06.071 INFO [main] org.apache.catalina.startup.VersionLoggerListener.log JVM Vendor:            Oracle Corporation
22-Dec-2020 21:54:06.072 INFO [main] org.apache.catalina.startup.VersionLoggerListener.log CATALINA_BASE:         C:\Program Files\Apache Software Foundation\Tomcat 10.0
22-Dec-2020 21:54:06.072 INFO [main] org.apache.catalina.startup.VersionLoggerListener.log CATALINA_HOME:         C:\Program Files\Apache Software Foundation\Tomcat 10.0
22-Dec-2020 21:54:06.098 INFO [main] org.apache.catalina.startup.VersionLoggerListener.log Command line argument: -Dcatalina.home=C:\Program Files\Apache Software Foundation\Tomcat 10.0
22-Dec-2020 21:54:06.099 INFO [main] org.apache.catalina.startup.VersionLoggerListener.log Command line argument: -Dcatalina.base=C:\Program Files\Apache Software Foundation\Tomcat 10.0
22-Dec-2020 21:54:06.099 INFO [main] org.apache.catalina.startup.VersionLoggerListener.log Command line argument: -Djava.io.tmpdir=C:\Program Files\Apache Software Foundation\Tomcat 10.0\temp
22-Dec-2020 21:54:06.099 INFO [main] org.apache.catalina.startup.VersionLoggerListener.log Command line argument: -Djava.util.logging.manager=org.apache.juli.ClassLoaderLogManager
22-Dec-2020 21:54:06.099 INFO [main] org.apache.catalina.startup.VersionLoggerListener.log Command line argument: -Djava.util.logging.config.file=C:\Program Files\Apache Software Foundation\Tomcat 10.0\conf\logging.properties
22-Dec-2020 21:54:06.100 INFO [main] org.apache.catalina.startup.VersionLoggerListener.log Command line argument: exit
22-Dec-2020 21:54:06.100 INFO [main] org.apache.catalina.startup.VersionLoggerListener.log Command line argument: abort
22-Dec-2020 21:54:06.100 INFO [main] org.apache.catalina.startup.VersionLoggerListener.log Command line argument: -Xms128m
22-Dec-2020 21:54:06.100 INFO [main] org.apache.catalina.startup.VersionLoggerListener.log Command line argument: -Xmx256m
22-Dec-2020 21:54:06.305 INFO [main] org.apache.catalina.core.AprLifecycleListener.lifecycleEvent Loaded Apache Tomcat Native library [1.2.25] using APR version [1.7.0].
22-Dec-2020 21:54:06.306 INFO [main] org.apache.catalina.core.AprLifecycleListener.lifecycleEvent APR capabilities: IPv6 [true], sendfile [true], accept filters [false], random [true].
22-Dec-2020 21:54:06.325 INFO [main] org.apache.catalina.core.AprLifecycleListener.initializeSSL OpenSSL successfully initialized [OpenSSL 1.1.1g  21 Apr 2020]
22-Dec-2020 21:54:14.438 INFO [main] org.apache.coyote.AbstractProtocol.init Initializing ProtocolHandler ["http-nio-8081"]
22-Dec-2020 21:54:14.486 INFO [main] org.apache.catalina.startup.Catalina.load Server initialization in [9686] milliseconds
22-Dec-2020 21:54:14.611 INFO [main] org.apache.catalina.core.StandardService.startInternal Starting service [Catalina]
22-Dec-2020 21:54:14.611 INFO [main] org.apache.catalina.core.StandardEngine.startInternal Starting Servlet engine: [Apache Tomcat/10.0.0-M8]
22-Dec-2020 21:54:14.646 INFO [main] org.apache.catalina.startup.HostConfig.deployDirectory Deploying web application directory [C:\Program Files\Apache Software Foundation\Tomcat 10.0\webapps\docs]
22-Dec-2020 21:54:17.813 WARNING [main] org.apache.catalina.util.SessionIdGeneratorBase.createSecureRandom Creation of SecureRandom instance for session ID generation using [SHA1PRNG] took [2,360] milliseconds.
22-Dec-2020 21:54:17.860 INFO [main] org.apache.catalina.startup.HostConfig.deployDirectory Deployment of web application directory [C:\Program Files\Apache Software Foundation\Tomcat 10.0\webapps\docs] has finished in [3,214] ms
22-Dec-2020 21:54:17.861 INFO [main] org.apache.catalina.startup.HostConfig.deployDirectory Deploying web application directory [C:\Program Files\Apache Software Foundation\Tomcat 10.0\webapps\examples]
22-Dec-2020 21:54:19.225 INFO [main] org.apache.catalina.startup.HostConfig.deployDirectory Deployment of web application directory [C:\Program Files\Apache Software Foundation\Tomcat 10.0\webapps\examples] has finished in [1,363] ms
22-Dec-2020 21:54:19.226 INFO [main] org.apache.catalina.startup.HostConfig.deployDirectory Deploying web application directory [C:\Program Files\Apache Software Foundation\Tomcat 10.0\webapps\host-manager]
22-Dec-2020 21:54:19.368 INFO [main] org.apache.catalina.startup.HostConfig.deployDirectory Deployment of web application directory [C:\Program Files\Apache Software Foundation\Tomcat 10.0\webapps\host-manager] has finished in [142] ms
22-Dec-2020 21:54:19.373 INFO [main] org.apache.catalina.startup.HostConfig.deployDirectory Deploying web application directory [C:\Program Files\Apache Software Foundation\Tomcat 10.0\webapps\manager]
22-Dec-2020 21:54:19.507 INFO [main] org.apache.catalina.startup.HostConfig.deployDirectory Deployment of web application directory [C:\Program Files\Apache Software Foundation\Tomcat 10.0\webapps\manager] has finished in [134] ms
22-Dec-2020 21:54:19.507 INFO [main] org.apache.catalina.startup.HostConfig.deployDirectory Deploying web application directory [C:\Program Files\Apache Software Foundation\Tomcat 10.0\webapps\ROOT]
22-Dec-2020 21:54:19.591 INFO [main] org.apache.catalina.startup.HostConfig.deployDirectory Deployment of web application directory [C:\Program Files\Apache Software Foundation\Tomcat 10.0\webapps\ROOT] has finished in [83] ms
22-Dec-2020 21:54:19.603 INFO [main] org.apache.coyote.AbstractProtocol.start Starting ProtocolHandler ["http-nio-8081"]
22-Dec-2020 21:54:19.746 INFO [main] org.apache.catalina.startup.Catalina.start Server startup in [5259] milliseconds
