
2020-09-27 10:58:45 Apache Commons Daemon procrun stderr initialized.
27-Sep-2020 10:58:53.332 INFO [main] org.apache.catalina.startup.VersionLoggerListener.log Server version name:   Apache Tomcat/10.0.0-M8
27-Sep-2020 10:58:53.338 INFO [main] org.apache.catalina.startup.VersionLoggerListener.log Server built:          Sep 9 2020 11:27:04 UTC
27-Sep-2020 10:58:53.338 INFO [main] org.apache.catalina.startup.VersionLoggerListener.log Server version number: 10.0.0.0
27-Sep-2020 10:58:53.338 INFO [main] org.apache.catalina.startup.VersionLoggerListener.log OS Name:               Windows 10
27-Sep-2020 10:58:53.339 INFO [main] org.apache.catalina.startup.VersionLoggerListener.log OS Version:            10.0
27-Sep-2020 10:58:53.339 INFO [main] org.apache.catalina.startup.VersionLoggerListener.log Architecture:          amd64
27-Sep-2020 10:58:53.339 INFO [main] org.apache.catalina.startup.VersionLoggerListener.log Java Home:             C:\Program Files\Java\jre1.8.0_161
27-Sep-2020 10:58:53.340 INFO [main] org.apache.catalina.startup.VersionLoggerListener.log JVM Version:           1.8.0_161-b12
27-Sep-2020 10:58:53.340 INFO [main] org.apache.catalina.startup.VersionLoggerListener.log JVM Vendor:            Oracle Corporation
27-Sep-2020 10:58:53.340 INFO [main] org.apache.catalina.startup.VersionLoggerListener.log CATALINA_BASE:         C:\Program Files\Apache Software Foundation\Tomcat 10.0
27-Sep-2020 10:58:53.340 INFO [main] org.apache.catalina.startup.VersionLoggerListener.log CATALINA_HOME:         C:\Program Files\Apache Software Foundation\Tomcat 10.0
27-Sep-2020 10:58:53.344 INFO [main] org.apache.catalina.startup.VersionLoggerListener.log Command line argument: -Dcatalina.home=C:\Program Files\Apache Software Foundation\Tomcat 10.0
27-Sep-2020 10:58:53.345 INFO [main] org.apache.catalina.startup.VersionLoggerListener.log Command line argument: -Dcatalina.base=C:\Program Files\Apache Software Foundation\Tomcat 10.0
27-Sep-2020 10:58:53.345 INFO [main] org.apache.catalina.startup.VersionLoggerListener.log Command line argument: -Djava.io.tmpdir=C:\Program Files\Apache Software Foundation\Tomcat 10.0\temp
27-Sep-2020 10:58:53.345 INFO [main] org.apache.catalina.startup.VersionLoggerListener.log Command line argument: -Djava.util.logging.manager=org.apache.juli.ClassLoaderLogManager
27-Sep-2020 10:58:53.345 INFO [main] org.apache.catalina.startup.VersionLoggerListener.log Command line argument: -Djava.util.logging.config.file=C:\Program Files\Apache Software Foundation\Tomcat 10.0\conf\logging.properties
27-Sep-2020 10:58:53.345 INFO [main] org.apache.catalina.startup.VersionLoggerListener.log Command line argument: exit
27-Sep-2020 10:58:53.346 INFO [main] org.apache.catalina.startup.VersionLoggerListener.log Command line argument: abort
27-Sep-2020 10:58:53.346 INFO [main] org.apache.catalina.startup.VersionLoggerListener.log Command line argument: -Xms128m
27-Sep-2020 10:58:53.346 INFO [main] org.apache.catalina.startup.VersionLoggerListener.log Command line argument: -Xmx256m
27-Sep-2020 10:58:53.382 INFO [main] org.apache.catalina.core.AprLifecycleListener.lifecycleEvent Loaded Apache Tomcat Native library [1.2.25] using APR version [1.7.0].
27-Sep-2020 10:58:53.382 INFO [main] org.apache.catalina.core.AprLifecycleListener.lifecycleEvent APR capabilities: IPv6 [true], sendfile [true], accept filters [false], random [true].
27-Sep-2020 10:58:53.406 INFO [main] org.apache.catalina.core.AprLifecycleListener.initializeSSL OpenSSL successfully initialized [OpenSSL 1.1.1g  21 Apr 2020]
27-Sep-2020 10:58:57.850 INFO [main] org.apache.coyote.AbstractProtocol.init Initializing ProtocolHandler ["http-nio-8081"]
27-Sep-2020 10:58:57.967 INFO [main] org.apache.catalina.startup.Catalina.load Server initialization in [6206] milliseconds
27-Sep-2020 10:58:58.161 INFO [main] org.apache.catalina.core.StandardService.startInternal Starting service [Catalina]
27-Sep-2020 10:58:58.161 INFO [main] org.apache.catalina.core.StandardEngine.startInternal Starting Servlet engine: [Apache Tomcat/10.0.0-M8]
27-Sep-2020 10:58:58.182 INFO [main] org.apache.catalina.startup.HostConfig.deployDirectory Deploying web application directory [C:\Program Files\Apache Software Foundation\Tomcat 10.0\webapps\docs]
27-Sep-2020 10:59:00.426 WARNING [main] org.apache.catalina.util.SessionIdGeneratorBase.createSecureRandom Creation of SecureRandom instance for session ID generation using [SHA1PRNG] took [1,476] milliseconds.
27-Sep-2020 10:59:00.540 INFO [main] org.apache.catalina.startup.HostConfig.deployDirectory Deployment of web application directory [C:\Program Files\Apache Software Foundation\Tomcat 10.0\webapps\docs] has finished in [2,358] ms
27-Sep-2020 10:59:00.541 INFO [main] org.apache.catalina.startup.HostConfig.deployDirectory Deploying web application directory [C:\Program Files\Apache Software Foundation\Tomcat 10.0\webapps\examples]
27-Sep-2020 10:59:02.840 INFO [main] org.apache.catalina.startup.HostConfig.deployDirectory Deployment of web application directory [C:\Program Files\Apache Software Foundation\Tomcat 10.0\webapps\examples] has finished in [2,299] ms
27-Sep-2020 10:59:02.841 INFO [main] org.apache.catalina.startup.HostConfig.deployDirectory Deploying web application directory [C:\Program Files\Apache Software Foundation\Tomcat 10.0\webapps\host-manager]
27-Sep-2020 10:59:02.948 INFO [main] org.apache.catalina.startup.HostConfig.deployDirectory Deployment of web application directory [C:\Program Files\Apache Software Foundation\Tomcat 10.0\webapps\host-manager] has finished in [107] ms
27-Sep-2020 10:59:02.949 INFO [main] org.apache.catalina.startup.HostConfig.deployDirectory Deploying web application directory [C:\Program Files\Apache Software Foundation\Tomcat 10.0\webapps\manager]
27-Sep-2020 10:59:03.137 INFO [main] org.apache.catalina.startup.HostConfig.deployDirectory Deployment of web application directory [C:\Program Files\Apache Software Foundation\Tomcat 10.0\webapps\manager] has finished in [188] ms
27-Sep-2020 10:59:03.137 INFO [main] org.apache.catalina.startup.HostConfig.deployDirectory Deploying web application directory [C:\Program Files\Apache Software Foundation\Tomcat 10.0\webapps\ROOT]
27-Sep-2020 10:59:03.440 INFO [main] org.apache.catalina.startup.HostConfig.deployDirectory Deployment of web application directory [C:\Program Files\Apache Software Foundation\Tomcat 10.0\webapps\ROOT] has finished in [303] ms
27-Sep-2020 10:59:03.449 INFO [main] org.apache.coyote.AbstractProtocol.start Starting ProtocolHandler ["http-nio-8081"]
27-Sep-2020 10:59:03.553 INFO [main] org.apache.catalina.startup.Catalina.start Server startup in [5586] milliseconds
27-Sep-2020 12:49:35.546 WARNING [main] org.apache.catalina.core.StandardServer.await Invalid shutdown command [] received

2020-09-27 16:10:31 Apache Commons Daemon procrun stderr initialized.
27-Sep-2020 16:10:37.158 INFO [main] org.apache.catalina.startup.VersionLoggerListener.log Server version name:   Apache Tomcat/10.0.0-M8
27-Sep-2020 16:10:37.162 INFO [main] org.apache.catalina.startup.VersionLoggerListener.log Server built:          Sep 9 2020 11:27:04 UTC
27-Sep-2020 16:10:37.162 INFO [main] org.apache.catalina.startup.VersionLoggerListener.log Server version number: 10.0.0.0
27-Sep-2020 16:10:37.162 INFO [main] org.apache.catalina.startup.VersionLoggerListener.log OS Name:               Windows 10
27-Sep-2020 16:10:37.162 INFO [main] org.apache.catalina.startup.VersionLoggerListener.log OS Version:            10.0
27-Sep-2020 16:10:37.163 INFO [main] org.apache.catalina.startup.VersionLoggerListener.log Architecture:          amd64
27-Sep-2020 16:10:37.163 INFO [main] org.apache.catalina.startup.VersionLoggerListener.log Java Home:             C:\Program Files\Java\jre1.8.0_161
27-Sep-2020 16:10:37.163 INFO [main] org.apache.catalina.startup.VersionLoggerListener.log JVM Version:           1.8.0_161-b12
27-Sep-2020 16:10:37.163 INFO [main] org.apache.catalina.startup.VersionLoggerListener.log JVM Vendor:            Oracle Corporation
27-Sep-2020 16:10:37.163 INFO [main] org.apache.catalina.startup.VersionLoggerListener.log CATALINA_BASE:         C:\Program Files\Apache Software Foundation\Tomcat 10.0
27-Sep-2020 16:10:37.163 INFO [main] org.apache.catalina.startup.VersionLoggerListener.log CATALINA_HOME:         C:\Program Files\Apache Software Foundation\Tomcat 10.0
27-Sep-2020 16:10:37.167 INFO [main] org.apache.catalina.startup.VersionLoggerListener.log Command line argument: -Dcatalina.home=C:\Program Files\Apache Software Foundation\Tomcat 10.0
27-Sep-2020 16:10:37.168 INFO [main] org.apache.catalina.startup.VersionLoggerListener.log Command line argument: -Dcatalina.base=C:\Program Files\Apache Software Foundation\Tomcat 10.0
27-Sep-2020 16:10:37.168 INFO [main] org.apache.catalina.startup.VersionLoggerListener.log Command line argument: -Djava.io.tmpdir=C:\Program Files\Apache Software Foundation\Tomcat 10.0\temp
27-Sep-2020 16:10:37.168 INFO [main] org.apache.catalina.startup.VersionLoggerListener.log Command line argument: -Djava.util.logging.manager=org.apache.juli.ClassLoaderLogManager
27-Sep-2020 16:10:37.168 INFO [main] org.apache.catalina.startup.VersionLoggerListener.log Command line argument: -Djava.util.logging.config.file=C:\Program Files\Apache Software Foundation\Tomcat 10.0\conf\logging.properties
27-Sep-2020 16:10:37.168 INFO [main] org.apache.catalina.startup.VersionLoggerListener.log Command line argument: exit
27-Sep-2020 16:10:37.169 INFO [main] org.apache.catalina.startup.VersionLoggerListener.log Command line argument: abort
27-Sep-2020 16:10:37.169 INFO [main] org.apache.catalina.startup.VersionLoggerListener.log Command line argument: -Xms128m
27-Sep-2020 16:10:37.169 INFO [main] org.apache.catalina.startup.VersionLoggerListener.log Command line argument: -Xmx256m
27-Sep-2020 16:10:37.188 INFO [main] org.apache.catalina.core.AprLifecycleListener.lifecycleEvent Loaded Apache Tomcat Native library [1.2.25] using APR version [1.7.0].
27-Sep-2020 16:10:37.188 INFO [main] org.apache.catalina.core.AprLifecycleListener.lifecycleEvent APR capabilities: IPv6 [true], sendfile [true], accept filters [false], random [true].
27-Sep-2020 16:10:37.264 INFO [main] org.apache.catalina.core.AprLifecycleListener.initializeSSL OpenSSL successfully initialized [OpenSSL 1.1.1g  21 Apr 2020]
27-Sep-2020 16:10:46.800 INFO [main] org.apache.coyote.AbstractProtocol.init Initializing ProtocolHandler ["http-nio-8081"]
27-Sep-2020 16:10:46.905 INFO [main] org.apache.catalina.startup.Catalina.load Server initialization in [11185] milliseconds
27-Sep-2020 16:10:47.016 INFO [main] org.apache.catalina.core.StandardService.startInternal Starting service [Catalina]
27-Sep-2020 16:10:47.016 INFO [main] org.apache.catalina.core.StandardEngine.startInternal Starting Servlet engine: [Apache Tomcat/10.0.0-M8]
27-Sep-2020 16:10:47.054 INFO [main] org.apache.catalina.startup.HostConfig.deployDirectory Deploying web application directory [C:\Program Files\Apache Software Foundation\Tomcat 10.0\webapps\docs]
27-Sep-2020 16:10:50.091 WARNING [main] org.apache.catalina.util.SessionIdGeneratorBase.createSecureRandom Creation of SecureRandom instance for session ID generation using [SHA1PRNG] took [2,248] milliseconds.
27-Sep-2020 16:10:50.170 INFO [main] org.apache.catalina.startup.HostConfig.deployDirectory Deployment of web application directory [C:\Program Files\Apache Software Foundation\Tomcat 10.0\webapps\docs] has finished in [3,132] ms
27-Sep-2020 16:10:50.171 INFO [main] org.apache.catalina.startup.HostConfig.deployDirectory Deploying web application directory [C:\Program Files\Apache Software Foundation\Tomcat 10.0\webapps\examples]
27-Sep-2020 16:10:51.966 INFO [main] org.apache.catalina.startup.HostConfig.deployDirectory Deployment of web application directory [C:\Program Files\Apache Software Foundation\Tomcat 10.0\webapps\examples] has finished in [1,795] ms
27-Sep-2020 16:10:51.967 INFO [main] org.apache.catalina.startup.HostConfig.deployDirectory Deploying web application directory [C:\Program Files\Apache Software Foundation\Tomcat 10.0\webapps\host-manager]
27-Sep-2020 16:10:52.116 INFO [main] org.apache.catalina.startup.HostConfig.deployDirectory Deployment of web application directory [C:\Program Files\Apache Software Foundation\Tomcat 10.0\webapps\host-manager] has finished in [149] ms
27-Sep-2020 16:10:52.117 INFO [main] org.apache.catalina.startup.HostConfig.deployDirectory Deploying web application directory [C:\Program Files\Apache Software Foundation\Tomcat 10.0\webapps\manager]
27-Sep-2020 16:10:52.217 INFO [main] org.apache.catalina.startup.HostConfig.deployDirectory Deployment of web application directory [C:\Program Files\Apache Software Foundation\Tomcat 10.0\webapps\manager] has finished in [99] ms
27-Sep-2020 16:10:52.217 INFO [main] org.apache.catalina.startup.HostConfig.deployDirectory Deploying web application directory [C:\Program Files\Apache Software Foundation\Tomcat 10.0\webapps\ROOT]
27-Sep-2020 16:10:52.259 INFO [main] org.apache.catalina.startup.HostConfig.deployDirectory Deployment of web application directory [C:\Program Files\Apache Software Foundation\Tomcat 10.0\webapps\ROOT] has finished in [42] ms
27-Sep-2020 16:10:52.265 INFO [main] org.apache.coyote.AbstractProtocol.start Starting ProtocolHandler ["http-nio-8081"]
27-Sep-2020 16:10:52.326 INFO [main] org.apache.catalina.startup.Catalina.start Server startup in [5419] milliseconds
30-Sep-2020 17:26:52.588 INFO [Thread-4] org.apache.coyote.AbstractProtocol.pause Pausing ProtocolHandler ["http-nio-8081"]
30-Sep-2020 17:26:53.000 INFO [Thread-4] org.apache.catalina.core.StandardService.stopInternal Stopping service [Catalina]
30-Sep-2020 17:26:53.109 INFO [Thread-4] org.apache.coyote.AbstractProtocol.stop Stopping ProtocolHandler ["http-nio-8081"]
30-Sep-2020 17:26:53.188 INFO [Thread-4] org.apache.coyote.AbstractProtocol.destroy Destroying ProtocolHandler ["http-nio-8081"]
